------------------------------------START------------------------------------------ 
Tue 06/16/2020- 0:01:09.27 
STARTED AT - 2020-06-16T00:01:10.120880
Terms:   0%|          | 0/1 [00:00<?, ?it/s]here1
here2
Terms: 100%|##########| 1/1 [00:00<00:00, 45.45it/s]
ENDED AT - 2020-06-16T00:01:10.182879
Tue 06/16/2020- 0:01:10.28 
------------------------------------END------------------------------------------ 
------------------------------------START------------------------------------------ 
Tue 06/16/2020- 0:06:09.31 
STARTED AT - 2020-06-16T00:06:10.241879
Terms:   0%|          | 0/1 [00:00<?, ?it/s]here1
here2
Terms: 100%|##########| 1/1 [00:00<00:00, 25.00it/s]
ENDED AT - 2020-06-16T00:06:10.315881
Tue 06/16/2020- 0:06:10.43 
------------------------------------END------------------------------------------ 
------------------------------------START------------------------------------------ 
Tue 06/16/2020- 0:11:09.36 
STARTED AT - 2020-06-16T00:11:10.101877
Terms:   0%|          | 0/1 [00:00<?, ?it/s]here1
here2
Terms: 100%|##########| 1/1 [00:00<00:00, 40.00it/s]
ENDED AT - 2020-06-16T00:11:10.162879
Tue 06/16/2020- 0:11:10.26 
------------------------------------END------------------------------------------ 
------------------------------------START------------------------------------------ 
Tue 06/16/2020- 0:16:09.30 
STARTED AT - 2020-06-16T00:16:10.199882
Terms:   0%|          | 0/1 [00:00<?, ?it/s]here1
here2
Terms: 100%|##########| 1/1 [00:00<00:00, 35.72it/s]
ENDED AT - 2020-06-16T00:16:10.290880
Tue 06/16/2020- 0:16:10.39 
------------------------------------END------------------------------------------ 
------------------------------------START------------------------------------------ 
Tue 06/16/2020- 0:21:09.44 
STARTED AT - 2020-06-16T00:21:10.325234
Terms:   0%|          | 0/1 [00:00<?, ?it/s]here1
here2
Terms: 100%|##########| 1/1 [00:00<00:00, 33.33it/s]
ENDED AT - 2020-06-16T00:21:10.408237
Tue 06/16/2020- 0:21:10.50 
------------------------------------END------------------------------------------ 
------------------------------------START------------------------------------------ 
Tue 06/16/2020- 0:26:09.31 
STARTED AT - 2020-06-16T00:26:10.229918
Terms:   0%|          | 0/1 [00:00<?, ?it/s]here1
here2
Terms: 100%|##########| 1/1 [00:00<00:00, 34.48it/s]
ENDED AT - 2020-06-16T00:26:10.290919
Tue 06/16/2020- 0:26:10.45 
------------------------------------END------------------------------------------ 
------------------------------------START------------------------------------------ 
Tue 06/16/2020- 0:31:09.29 
STARTED AT - 2020-06-16T00:31:10.082052
Terms:   0%|          | 0/1 [00:00<?, ?it/s]here1
here2
Terms: 100%|##########| 1/1 [00:00<00:00, 45.45it/s]
ENDED AT - 2020-06-16T00:31:10.133054
Tue 06/16/2020- 0:31:10.22 
------------------------------------END------------------------------------------ 
------------------------------------START------------------------------------------ 
Tue 06/16/2020- 0:36:09.39 
STARTED AT - 2020-06-16T00:36:10.124953
Terms:   0%|          | 0/1 [00:00<?, ?it/s]here1
here2
Terms: 100%|##########| 1/1 [00:00<00:00, 40.00it/s]
ENDED AT - 2020-06-16T00:36:10.208953
Tue 06/16/2020- 0:36:10.31 
------------------------------------END------------------------------------------ 
------------------------------------START------------------------------------------ 
Tue 06/16/2020- 0:41:09.32 
STARTED AT - 2020-06-16T00:41:10.033173
Terms:   0%|          | 0/1 [00:00<?, ?it/s]here1
here2
Terms: 100%|##########| 1/1 [00:00<00:00, 50.00it/s]
ENDED AT - 2020-06-16T00:41:10.081153
Tue 06/16/2020- 0:41:10.18 
------------------------------------END------------------------------------------ 
------------------------------------START------------------------------------------ 
Tue 06/16/2020- 0:46:09.42 
STARTED AT - 2020-06-16T00:46:10.162154
Terms:   0%|          | 0/1 [00:00<?, ?it/s]here1
here2
Terms: 100%|##########| 1/1 [00:00<00:00, 37.04it/s]
ENDED AT - 2020-06-16T00:46:10.220151
Tue 06/16/2020- 0:46:10.31 
------------------------------------END------------------------------------------ 
------------------------------------START------------------------------------------ 
Tue 06/16/2020- 0:51:09.31 
STARTED AT - 2020-06-16T00:51:10.328783
Terms:   0%|          | 0/1 [00:00<?, ?it/s]here1
here2
Terms: 100%|##########| 1/1 [00:00<00:00, 32.23it/s]
ENDED AT - 2020-06-16T00:51:10.397809
Tue 06/16/2020- 0:51:10.51 
------------------------------------END------------------------------------------ 
------------------------------------START------------------------------------------ 
Tue 06/16/2020- 0:56:09.30 
STARTED AT - 2020-06-16T00:56:10.127784
Terms:   0%|          | 0/1 [00:00<?, ?it/s]here1
here2
Terms: 100%|##########| 1/1 [00:00<00:00, 43.48it/s]
ENDED AT - 2020-06-16T00:56:10.185784
Tue 06/16/2020- 0:56:10.35 
------------------------------------END------------------------------------------ 
------------------------------------START------------------------------------------ 
Tue 06/16/2020- 1:01:09.28 
STARTED AT - 2020-06-16T01:01:10.064782
Terms:   0%|          | 0/1 [00:00<?, ?it/s]here1
here2
Terms: 100%|##########| 1/1 [00:00<00:00, 27.76it/s]
ENDED AT - 2020-06-16T01:01:10.144809
Tue 06/16/2020- 1:01:10.22 
------------------------------------END------------------------------------------ 
------------------------------------START------------------------------------------ 
Tue 06/16/2020- 1:06:09.46 
STARTED AT - 2020-06-16T01:06:10.286106
Terms:   0%|          | 0/1 [00:00<?, ?it/s]here1
here2
Terms: 100%|##########| 1/1 [00:00<00:00, 50.00it/s]
ENDED AT - 2020-06-16T01:06:10.343107
Tue 06/16/2020- 1:06:10.44 
------------------------------------END------------------------------------------ 
------------------------------------START------------------------------------------ 
Tue 06/16/2020- 1:11:09.30 
STARTED AT - 2020-06-16T01:11:10.196108
Terms:   0%|          | 0/1 [00:00<?, ?it/s]here1
here2
Terms: 100%|##########| 1/1 [00:00<00:00, 34.48it/s]
ENDED AT - 2020-06-16T01:11:10.265109
Tue 06/16/2020- 1:11:10.36 
------------------------------------END------------------------------------------ 
------------------------------------START------------------------------------------ 
Tue 06/16/2020- 1:16:09.27 
STARTED AT - 2020-06-16T01:16:10.015105
Terms:   0%|          | 0/1 [00:00<?, ?it/s]here1
here2
Terms: 100%|##########| 1/1 [00:00<00:00, 52.62it/s]
ENDED AT - 2020-06-16T01:16:10.072105
Tue 06/16/2020- 1:16:10.15 
------------------------------------END------------------------------------------ 
------------------------------------START------------------------------------------ 
Tue 06/16/2020- 1:21:09.29 
STARTED AT - 2020-06-16T01:21:09.994765
Terms:   0%|          | 0/1 [00:00<?, ?it/s]here1
here2
Terms: 100%|##########| 1/1 [00:00<00:00, 45.45it/s]
ENDED AT - 2020-06-16T01:21:10.050767
Tue 06/16/2020- 1:21:10.12 
------------------------------------END------------------------------------------ 
------------------------------------START------------------------------------------ 
Tue 06/16/2020- 1:26:09.26 
STARTED AT - 2020-06-16T01:26:10.015512
Terms:   0%|          | 0/1 [00:00<?, ?it/s]here1
here2
Terms: 100%|##########| 1/1 [00:00<00:00, 47.62it/s]
ENDED AT - 2020-06-16T01:26:10.064512
Tue 06/16/2020- 1:26:10.14 
------------------------------------END------------------------------------------ 
------------------------------------START------------------------------------------ 
Tue 06/16/2020- 1:31:09.29 
STARTED AT - 2020-06-16T01:31:10.106513
Terms:   0%|          | 0/1 [00:00<?, ?it/s]here1
here2
Terms: 100%|##########| 1/1 [00:00<00:00, 43.48it/s]
ENDED AT - 2020-06-16T01:31:10.171515
Tue 06/16/2020- 1:31:10.25 
------------------------------------END------------------------------------------ 
------------------------------------START------------------------------------------ 
Tue 06/16/2020- 1:36:09.30 
STARTED AT - 2020-06-16T01:36:10.130073
Terms:   0%|          | 0/1 [00:00<?, ?it/s]here1
here2
Terms: 100%|##########| 1/1 [00:00<00:00, 47.63it/s]
ENDED AT - 2020-06-16T01:36:10.188072
Tue 06/16/2020- 1:36:10.29 
------------------------------------END------------------------------------------ 
------------------------------------START------------------------------------------ 
Tue 06/16/2020- 1:41:09.39 
STARTED AT - 2020-06-16T01:41:10.140549
Terms:   0%|          | 0/1 [00:00<?, ?it/s]here1
here2
Terms: 100%|##########| 1/1 [00:00<00:00, 47.62it/s]
ENDED AT - 2020-06-16T01:41:10.215828
Tue 06/16/2020- 1:41:10.33 
------------------------------------END------------------------------------------ 
------------------------------------START------------------------------------------ 
Tue 06/16/2020- 1:46:09.30 
STARTED AT - 2020-06-16T01:46:10.002558
Terms:   0%|          | 0/1 [00:00<?, ?it/s]here1
here2
Terms: 100%|##########| 1/1 [00:00<00:00, 52.63it/s]
ENDED AT - 2020-06-16T01:46:10.054557
Tue 06/16/2020- 1:46:10.13 
------------------------------------END------------------------------------------ 
------------------------------------START------------------------------------------ 
Tue 06/16/2020- 1:51:09.34 
STARTED AT - 2020-06-16T01:51:10.181488
Terms:   0%|          | 0/1 [00:00<?, ?it/s]here1
here2
Terms: 100%|##########| 1/1 [00:00<00:00, 45.46it/s]
ENDED AT - 2020-06-16T01:51:10.236490
Tue 06/16/2020- 1:51:10.33 
------------------------------------END------------------------------------------ 
------------------------------------START------------------------------------------ 
Tue 06/16/2020- 1:56:09.28 
STARTED AT - 2020-06-16T01:56:10.196753
Terms:   0%|          | 0/1 [00:00<?, ?it/s]here1
here2
Terms: 100%|##########| 1/1 [00:00<00:00, 43.48it/s]
ENDED AT - 2020-06-16T01:56:10.245757
Tue 06/16/2020- 1:56:10.32 
------------------------------------END------------------------------------------ 
------------------------------------START------------------------------------------ 
Tue 06/16/2020- 2:01:09.32 
STARTED AT - 2020-06-16T02:01:10.042477
Terms:   0%|          | 0/1 [00:00<?, ?it/s]here1
here2
Terms: 100%|##########| 1/1 [00:00<00:00, 46.07it/s]
ENDED AT - 2020-06-16T02:01:10.101480
Tue 06/16/2020- 2:01:10.18 
------------------------------------END------------------------------------------ 
------------------------------------START------------------------------------------ 
Tue 06/16/2020- 2:06:09.40 
STARTED AT - 2020-06-16T02:06:10.096426
Terms:   0%|          | 0/1 [00:00<?, ?it/s]here1
here2
Terms: 100%|##########| 1/1 [00:00<00:00, 25.08it/s]
ENDED AT - 2020-06-16T02:06:10.174433
Tue 06/16/2020- 2:06:10.29 
------------------------------------END------------------------------------------ 
------------------------------------START------------------------------------------ 
Tue 06/16/2020- 2:11:09.27 
STARTED AT - 2020-06-16T02:11:10.100556
Terms:   0%|          | 0/1 [00:00<?, ?it/s]here1
here2
Terms: 100%|##########| 1/1 [00:00<00:00, 52.62it/s]
ENDED AT - 2020-06-16T02:11:10.149557
Tue 06/16/2020- 2:11:10.23 
------------------------------------END------------------------------------------ 
------------------------------------START------------------------------------------ 
Tue 06/16/2020- 2:16:09.29 
STARTED AT - 2020-06-16T02:16:10.054476
Terms:   0%|          | 0/1 [00:00<?, ?it/s]here1
here2
Terms: 100%|##########| 1/1 [00:00<00:00, 50.00it/s]
ENDED AT - 2020-06-16T02:16:10.111476
Tue 06/16/2020- 2:16:10.19 
------------------------------------END------------------------------------------ 
------------------------------------START------------------------------------------ 
Tue 06/16/2020- 2:21:09.27 
STARTED AT - 2020-06-16T02:21:10.032925
Terms:   0%|          | 0/1 [00:00<?, ?it/s]here1
here2
Terms: 100%|##########| 1/1 [00:00<00:00, 38.46it/s]
ENDED AT - 2020-06-16T02:21:10.084922
Tue 06/16/2020- 2:21:10.17 
------------------------------------END------------------------------------------ 
------------------------------------START------------------------------------------ 
Tue 06/16/2020- 2:26:09.36 
STARTED AT - 2020-06-16T02:26:10.075397
Terms:   0%|          | 0/1 [00:00<?, ?it/s]here1
here2
Terms: 100%|##########| 1/1 [00:00<00:00, 43.91it/s]
ENDED AT - 2020-06-16T02:26:10.127397
Tue 06/16/2020- 2:26:10.20 
------------------------------------END------------------------------------------ 
------------------------------------START------------------------------------------ 
Tue 06/16/2020- 2:31:09.30 
STARTED AT - 2020-06-16T02:31:09.968520
Terms:   0%|          | 0/1 [00:00<?, ?it/s]here1
here2
Terms: 100%|##########| 1/1 [00:00<00:00, 58.82it/s]
ENDED AT - 2020-06-16T02:31:10.019522
Tue 06/16/2020- 2:31:10.09 
------------------------------------END------------------------------------------ 
------------------------------------START------------------------------------------ 
Tue 06/16/2020- 2:36:09.45 
STARTED AT - 2020-06-16T02:36:10.498527
Terms:   0%|          | 0/1 [00:00<?, ?it/s]here1
here2
Terms: 100%|##########| 1/1 [00:00<00:00, 27.78it/s]
ENDED AT - 2020-06-16T02:36:10.583520
Tue 06/16/2020- 2:36:10.69 
------------------------------------END------------------------------------------ 
------------------------------------START------------------------------------------ 
Tue 06/16/2020- 2:41:09.35 
STARTED AT - 2020-06-16T02:41:10.107708
Terms:   0%|          | 0/1 [00:00<?, ?it/s]here1
here2
Terms: 100%|##########| 1/1 [00:00<00:00, 40.02it/s]
ENDED AT - 2020-06-16T02:41:10.160708
Tue 06/16/2020- 2:41:10.25 
------------------------------------END------------------------------------------ 
------------------------------------START------------------------------------------ 
Tue 06/16/2020- 2:46:09.30 
STARTED AT - 2020-06-16T02:46:09.972633
Terms:   0%|          | 0/1 [00:00<?, ?it/s]here1
here2
Terms: 100%|##########| 1/1 [00:00<00:00, 39.98it/s]
ENDED AT - 2020-06-16T02:46:10.042647
Tue 06/16/2020- 2:46:10.12 
------------------------------------END------------------------------------------ 
------------------------------------START------------------------------------------ 
Tue 06/16/2020- 2:51:09.37 
STARTED AT - 2020-06-16T02:51:10.032913
Terms:   0%|          | 0/1 [00:00<?, ?it/s]here1
here2
Terms: 100%|##########| 1/1 [00:00<00:00, 55.56it/s]
ENDED AT - 2020-06-16T02:51:10.080912
Tue 06/16/2020- 2:51:10.16 
------------------------------------END------------------------------------------ 
------------------------------------START------------------------------------------ 
Tue 06/16/2020- 2:56:09.30 
STARTED AT - 2020-06-16T02:56:10.057334
Terms:   0%|          | 0/1 [00:00<?, ?it/s]here1
here2
Terms: 100%|##########| 1/1 [00:00<00:00, 47.61it/s]
ENDED AT - 2020-06-16T02:56:10.104334
Tue 06/16/2020- 2:56:10.18 
------------------------------------END------------------------------------------ 
------------------------------------START------------------------------------------ 
Tue 06/16/2020- 3:01:09.29 
STARTED AT - 2020-06-16T03:01:10.119332
Terms:   0%|          | 0/1 [00:00<?, ?it/s]here1
here2
Terms: 100%|##########| 1/1 [00:00<00:00, 38.46it/s]
ENDED AT - 2020-06-16T03:01:10.181333
Tue 06/16/2020- 3:01:10.27 
------------------------------------END------------------------------------------ 
------------------------------------START------------------------------------------ 
Tue 06/16/2020- 3:06:09.27 
STARTED AT - 2020-06-16T03:06:09.989503
Terms:   0%|          | 0/1 [00:00<?, ?it/s]here1
here2
Terms: 100%|##########| 1/1 [00:00<00:00, 32.26it/s]
ENDED AT - 2020-06-16T03:06:10.177506
Tue 06/16/2020- 3:06:10.26 
------------------------------------END------------------------------------------ 
------------------------------------START------------------------------------------ 
Tue 06/16/2020- 3:11:09.33 
STARTED AT - 2020-06-16T03:11:10.041548
Terms:   0%|          | 0/1 [00:00<?, ?it/s]here1
here2
Terms: 100%|##########| 1/1 [00:00<00:00, 35.72it/s]
ENDED AT - 2020-06-16T03:11:10.103505
Tue 06/16/2020- 3:11:10.23 
------------------------------------END------------------------------------------ 
------------------------------------START------------------------------------------ 
Tue 06/16/2020- 3:16:09.33 
STARTED AT - 2020-06-16T03:16:10.156503
Terms:   0%|          | 0/1 [00:00<?, ?it/s]here1
here2
Terms: 100%|##########| 1/1 [00:00<00:00, 40.00it/s]
ENDED AT - 2020-06-16T03:16:10.214507
Tue 06/16/2020- 3:16:10.30 
------------------------------------END------------------------------------------ 
------------------------------------START------------------------------------------ 
Tue 06/16/2020- 3:21:09.30 
STARTED AT - 2020-06-16T03:21:09.993505
Terms:   0%|          | 0/1 [00:00<?, ?it/s]here1
here2
Terms: 100%|##########| 1/1 [00:00<00:00, 10.10it/s]
ENDED AT - 2020-06-16T03:21:10.127505
Tue 06/16/2020- 3:21:10.21 
------------------------------------END------------------------------------------ 
------------------------------------START------------------------------------------ 
Tue 06/16/2020- 3:26:09.32 
STARTED AT - 2020-06-16T03:26:10.135504
Terms:   0%|          | 0/1 [00:00<?, ?it/s]here1
here2
Terms: 100%|##########| 1/1 [00:00<00:00, 40.00it/s]
ENDED AT - 2020-06-16T03:26:10.205507
Tue 06/16/2020- 3:26:10.31 
------------------------------------END------------------------------------------ 
------------------------------------START------------------------------------------ 
Tue 06/16/2020- 3:31:09.28 
STARTED AT - 2020-06-16T03:31:10.194502
Terms:   0%|          | 0/1 [00:00<?, ?it/s]here1
here2
Terms: 100%|##########| 1/1 [00:00<00:00, 43.48it/s]
ENDED AT - 2020-06-16T03:31:10.247503
Tue 06/16/2020- 3:31:10.33 
------------------------------------END------------------------------------------ 
------------------------------------START------------------------------------------ 
Tue 06/16/2020- 3:36:09.41 
STARTED AT - 2020-06-16T03:36:10.126504
Terms:   0%|          | 0/1 [00:00<?, ?it/s]here1
here2
Terms: 100%|##########| 1/1 [00:00<00:00, 47.61it/s]
ENDED AT - 2020-06-16T03:36:10.175506
Tue 06/16/2020- 3:36:10.24 
------------------------------------END------------------------------------------ 
------------------------------------START------------------------------------------ 
Tue 06/16/2020- 3:41:09.30 
STARTED AT - 2020-06-16T03:41:10.071231
Terms:   0%|          | 0/1 [00:00<?, ?it/s]here1
here2
Terms: 100%|##########| 1/1 [00:00<00:00, 25.00it/s]
ENDED AT - 2020-06-16T03:41:10.148227
Tue 06/16/2020- 3:41:10.23 
------------------------------------END------------------------------------------ 
------------------------------------START------------------------------------------ 
Tue 06/16/2020- 3:46:09.29 
STARTED AT - 2020-06-16T03:46:09.970152
Terms:   0%|          | 0/1 [00:00<?, ?it/s]here1
here2
Terms: 100%|##########| 1/1 [00:00<00:00, 32.26it/s]
ENDED AT - 2020-06-16T03:46:10.030151
Tue 06/16/2020- 3:46:10.10 
------------------------------------END------------------------------------------ 
------------------------------------START------------------------------------------ 
Tue 06/16/2020- 3:51:09.32 
STARTED AT - 2020-06-16T03:51:10.317999
Terms:   0%|          | 0/1 [00:00<?, ?it/s]here1
here2
Terms: 100%|##########| 1/1 [00:00<00:00, 35.71it/s]
ENDED AT - 2020-06-16T03:51:10.384998
Tue 06/16/2020- 3:51:10.45 
------------------------------------END------------------------------------------ 
------------------------------------START------------------------------------------ 
Tue 06/16/2020- 3:56:09.28 
STARTED AT - 2020-06-16T03:56:10.257779
Terms:   0%|          | 0/1 [00:00<?, ?it/s]here1
here2
Terms: 100%|##########| 1/1 [00:00<00:00, 40.26it/s]
ENDED AT - 2020-06-16T03:56:10.315831
Tue 06/16/2020- 3:56:10.40 
------------------------------------END------------------------------------------ 
------------------------------------START------------------------------------------ 
Tue 06/16/2020- 4:01:09.26 
STARTED AT - 2020-06-16T04:01:09.946242
Terms:   0%|          | 0/1 [00:00<?, ?it/s]here1
here2
Terms: 100%|##########| 1/1 [00:00<00:00, 50.00it/s]
ENDED AT - 2020-06-16T04:01:09.996243
Tue 06/16/2020- 4:01:10.08 
------------------------------------END------------------------------------------ 
------------------------------------START------------------------------------------ 
Tue 06/16/2020- 4:06:09.33 
STARTED AT - 2020-06-16T04:06:10.012523
Terms:   0%|          | 0/1 [00:00<?, ?it/s]here1
here2
Terms: 100%|##########| 1/1 [00:00<00:00, 50.00it/s]
ENDED AT - 2020-06-16T04:06:10.069525
Tue 06/16/2020- 4:06:10.14 
------------------------------------END------------------------------------------ 
------------------------------------START------------------------------------------ 
Tue 06/16/2020- 4:11:09.29 
STARTED AT - 2020-06-16T04:11:10.074685
Terms:   0%|          | 0/1 [00:00<?, ?it/s]here1
here2
Terms: 100%|##########| 1/1 [00:00<00:00, 47.62it/s]
ENDED AT - 2020-06-16T04:11:10.124685
Tue 06/16/2020- 4:11:10.20 
------------------------------------END------------------------------------------ 
------------------------------------START------------------------------------------ 
Tue 06/16/2020- 4:16:09.27 
STARTED AT - 2020-06-16T04:16:09.969727
Terms:   0%|          | 0/1 [00:00<?, ?it/s]here1
here2
Terms: 100%|##########| 1/1 [00:00<00:00, 41.67it/s]
ENDED AT - 2020-06-16T04:16:10.023728
Tue 06/16/2020- 4:16:10.10 
------------------------------------END------------------------------------------ 
------------------------------------START------------------------------------------ 
Tue 06/16/2020- 4:21:09.28 
STARTED AT - 2020-06-16T04:21:10.083229
Terms:   0%|          | 0/1 [00:00<?, ?it/s]here1
here2
Terms: 100%|##########| 1/1 [00:00<00:00, 47.62it/s]
ENDED AT - 2020-06-16T04:21:10.188229
Tue 06/16/2020- 4:21:10.27 
------------------------------------END------------------------------------------ 
------------------------------------START------------------------------------------ 
Tue 06/16/2020- 4:26:09.26 
STARTED AT - 2020-06-16T04:26:09.992963
Terms:   0%|          | 0/1 [00:00<?, ?it/s]here1
here2
Terms: 100%|##########| 1/1 [00:00<00:00, 45.45it/s]
ENDED AT - 2020-06-16T04:26:10.044961
Tue 06/16/2020- 4:26:10.13 
------------------------------------END------------------------------------------ 
------------------------------------START------------------------------------------ 
Tue 06/16/2020- 4:31:09.42 
STARTED AT - 2020-06-16T04:31:10.098630
Terms:   0%|          | 0/1 [00:00<?, ?it/s]here1
here2
Terms: 100%|##########| 1/1 [00:00<00:00, 50.03it/s]
ENDED AT - 2020-06-16T04:31:10.149632
Tue 06/16/2020- 4:31:10.24 
------------------------------------END------------------------------------------ 
------------------------------------START------------------------------------------ 
Tue 06/16/2020- 4:36:09.29 
STARTED AT - 2020-06-16T04:36:10.033376
Terms:   0%|          | 0/1 [00:00<?, ?it/s]here1
here2
Terms: 100%|##########| 1/1 [00:00<00:00, 55.55it/s]
ENDED AT - 2020-06-16T04:36:10.161376
Tue 06/16/2020- 4:36:10.25 
------------------------------------END------------------------------------------ 
------------------------------------START------------------------------------------ 
Tue 06/16/2020- 4:41:09.29 
STARTED AT - 2020-06-16T04:41:10.032164
Terms:   0%|          | 0/1 [00:00<?, ?it/s]here1
here2
Terms: 100%|##########| 1/1 [00:00<00:00, 37.04it/s]
ENDED AT - 2020-06-16T04:41:10.088162
Tue 06/16/2020- 4:41:10.16 
------------------------------------END------------------------------------------ 
------------------------------------START------------------------------------------ 
Tue 06/16/2020- 4:46:09.34 
STARTED AT - 2020-06-16T04:46:10.126642
Terms:   0%|          | 0/1 [00:00<?, ?it/s]here1
here2
Terms: 100%|##########| 1/1 [00:00<00:00, 52.63it/s]
ENDED AT - 2020-06-16T04:46:10.174631
Tue 06/16/2020- 4:46:10.24 
------------------------------------END------------------------------------------ 
------------------------------------START------------------------------------------ 
Tue 06/16/2020- 4:51:09.28 
STARTED AT - 2020-06-16T04:51:10.069901
Terms:   0%|          | 0/1 [00:00<?, ?it/s]here1
here2
Terms: 100%|##########| 1/1 [00:00<00:00, 49.99it/s]
ENDED AT - 2020-06-16T04:51:10.116920
Tue 06/16/2020- 4:51:10.19 
------------------------------------END------------------------------------------ 
------------------------------------START------------------------------------------ 
Tue 06/16/2020- 4:56:09.26 
STARTED AT - 2020-06-16T04:56:09.969694
Terms:   0%|          | 0/1 [00:00<?, ?it/s]here1
here2
Terms: 100%|##########| 1/1 [00:00<00:00, 38.46it/s]
ENDED AT - 2020-06-16T04:56:10.025694
Tue 06/16/2020- 4:56:10.10 
------------------------------------END------------------------------------------ 
------------------------------------START------------------------------------------ 
Tue 06/16/2020- 5:01:09.41 
STARTED AT - 2020-06-16T05:01:10.111931
Terms:   0%|          | 0/1 [00:00<?, ?it/s]here1
here2
Terms: 100%|##########| 1/1 [00:00<00:00, 52.63it/s]
ENDED AT - 2020-06-16T05:01:10.159930
Tue 06/16/2020- 5:01:10.23 
------------------------------------END------------------------------------------ 
------------------------------------START------------------------------------------ 
Tue 06/16/2020- 5:06:09.28 
STARTED AT - 2020-06-16T05:06:10.445928
Terms:   0%|          | 0/1 [00:00<?, ?it/s]here1
here2
Terms: 100%|##########| 1/1 [00:00<00:00, 30.31it/s]
ENDED AT - 2020-06-16T05:06:10.527929
Tue 06/16/2020- 5:06:10.63 
------------------------------------END------------------------------------------ 
------------------------------------START------------------------------------------ 
Tue 06/16/2020- 5:11:09.27 
STARTED AT - 2020-06-16T05:11:09.949929
Terms:   0%|          | 0/1 [00:00<?, ?it/s]here1
here2
Terms: 100%|##########| 1/1 [00:00<00:00, 43.48it/s]
ENDED AT - 2020-06-16T05:11:10.001929
Tue 06/16/2020- 5:11:10.08 
------------------------------------END------------------------------------------ 
------------------------------------START------------------------------------------ 
Tue 06/16/2020- 5:16:09.27 
STARTED AT - 2020-06-16T05:16:09.995808
Terms:   0%|          | 0/1 [00:00<?, ?it/s]here1
here2
Terms: 100%|##########| 1/1 [00:00<00:00,  6.67it/s]Terms: 100%|##########| 1/1 [00:00<00:00,  6.67it/s]
ENDED AT - 2020-06-16T05:16:10.175811
Tue 06/16/2020- 5:16:10.24 
------------------------------------END------------------------------------------ 
------------------------------------START------------------------------------------ 
Tue 06/16/2020- 5:21:09.26 
STARTED AT - 2020-06-16T05:21:09.980149
Terms:   0%|          | 0/1 [00:00<?, ?it/s]here1
here2
Terms: 100%|##########| 1/1 [00:00<00:00, 52.63it/s]
ENDED AT - 2020-06-16T05:21:10.035146
Tue 06/16/2020- 5:21:10.11 
------------------------------------END------------------------------------------ 
------------------------------------START------------------------------------------ 
Tue 06/16/2020- 5:26:09.30 
STARTED AT - 2020-06-16T05:26:10.008163
Terms:   0%|          | 0/1 [00:00<?, ?it/s]here1
here2
Terms: 100%|##########| 1/1 [00:00<00:00, 52.63it/s]
ENDED AT - 2020-06-16T05:26:10.065164
Tue 06/16/2020- 5:26:10.14 
------------------------------------END------------------------------------------ 
------------------------------------START------------------------------------------ 
Tue 06/16/2020- 5:31:09.31 
STARTED AT - 2020-06-16T05:31:10.073297
Terms:   0%|          | 0/1 [00:00<?, ?it/s]here1
here2
Terms: 100%|##########| 1/1 [00:00<00:00, 41.67it/s]
ENDED AT - 2020-06-16T05:31:10.124296
Tue 06/16/2020- 5:31:10.20 
------------------------------------END------------------------------------------ 
------------------------------------START------------------------------------------ 
Tue 06/16/2020- 5:36:09.26 
STARTED AT - 2020-06-16T05:36:09.979496
Terms:   0%|          | 0/1 [00:00<?, ?it/s]here1
here2
Terms: 100%|##########| 1/1 [00:00<00:00, 52.63it/s]
ENDED AT - 2020-06-16T05:36:10.035496
Tue 06/16/2020- 5:36:10.11 
------------------------------------END------------------------------------------ 
------------------------------------START------------------------------------------ 
Tue 06/16/2020- 5:41:09.35 
STARTED AT - 2020-06-16T05:41:10.009655
Terms:   0%|          | 0/1 [00:00<?, ?it/s]here1
here2
Terms: 100%|##########| 1/1 [00:00<00:00, 52.63it/s]
ENDED AT - 2020-06-16T05:41:10.059655
Tue 06/16/2020- 5:41:10.14 
------------------------------------END------------------------------------------ 
------------------------------------START------------------------------------------ 
Tue 06/16/2020- 5:46:09.34 
STARTED AT - 2020-06-16T05:46:10.076326
Terms:   0%|          | 0/1 [00:00<?, ?it/s]here1
here2
Terms: 100%|##########| 1/1 [00:00<00:00, 58.60it/s]
ENDED AT - 2020-06-16T05:46:10.118391
Tue 06/16/2020- 5:46:10.19 
------------------------------------END------------------------------------------ 
------------------------------------START------------------------------------------ 
Tue 06/16/2020- 5:51:09.27 
STARTED AT - 2020-06-16T05:51:10.098043
Terms:   0%|          | 0/1 [00:00<?, ?it/s]here1
here2
Terms: 100%|##########| 1/1 [00:00<00:00, 40.00it/s]
ENDED AT - 2020-06-16T05:51:10.155043
Tue 06/16/2020- 5:51:10.23 
------------------------------------END------------------------------------------ 
------------------------------------START------------------------------------------ 
Tue 06/16/2020- 5:56:09.26 
STARTED AT - 2020-06-16T05:56:09.948948
Terms:   0%|          | 0/1 [00:00<?, ?it/s]here1
here2
Terms: 100%|##########| 1/1 [00:00<00:00, 31.25it/s]
ENDED AT - 2020-06-16T05:56:10.015948
Tue 06/16/2020- 5:56:10.09 
------------------------------------END------------------------------------------ 
------------------------------------START------------------------------------------ 
Tue 06/16/2020- 6:01:09.33 
STARTED AT - 2020-06-16T06:01:10.041160
Terms:   0%|          | 0/1 [00:00<?, ?it/s]here1
here2
Terms: 100%|##########| 1/1 [00:00<00:00, 55.55it/s]
ENDED AT - 2020-06-16T06:01:10.090163
Tue 06/16/2020- 6:01:10.16 
------------------------------------END------------------------------------------ 
------------------------------------START------------------------------------------ 
Tue 06/16/2020- 6:06:09.28 
STARTED AT - 2020-06-16T06:06:10.103455
Terms:   0%|          | 0/1 [00:00<?, ?it/s]here1
here2
Terms: 100%|##########| 1/1 [00:00<00:00, 47.61it/s]
ENDED AT - 2020-06-16T06:06:10.165458
Tue 06/16/2020- 6:06:10.25 
------------------------------------END------------------------------------------ 
------------------------------------START------------------------------------------ 
Tue 06/16/2020- 6:11:09.26 
STARTED AT - 2020-06-16T06:11:09.970835
Terms:   0%|          | 0/1 [00:00<?, ?it/s]here1
here2
Terms: 100%|##########| 1/1 [00:00<00:00, 47.62it/s]
ENDED AT - 2020-06-16T06:11:10.023834
Tue 06/16/2020- 6:11:10.10 
------------------------------------END------------------------------------------ 
------------------------------------START------------------------------------------ 
Tue 06/16/2020- 6:16:09.44 
STARTED AT - 2020-06-16T06:16:10.147213
Terms:   0%|          | 0/1 [00:00<?, ?it/s]here1
here2
Terms: 100%|##########| 1/1 [00:00<00:00, 55.55it/s]
ENDED AT - 2020-06-16T06:16:10.191211
Tue 06/16/2020- 6:16:10.26 
------------------------------------END------------------------------------------ 
------------------------------------START------------------------------------------ 
Tue 06/16/2020- 6:21:09.32 
STARTED AT - 2020-06-16T06:21:10.036618
Terms:   0%|          | 0/1 [00:00<?, ?it/s]here1
here2
Terms: 100%|##########| 1/1 [00:00<00:00, 41.66it/s]
ENDED AT - 2020-06-16T06:21:10.088621
Tue 06/16/2020- 6:21:10.16 
------------------------------------END------------------------------------------ 
------------------------------------START------------------------------------------ 
Tue 06/16/2020- 6:26:09.32 
STARTED AT - 2020-06-16T06:26:10.131618
Terms:   0%|          | 0/1 [00:00<?, ?it/s]here1
here2
Terms: 100%|##########| 1/1 [00:00<00:00, 50.01it/s]
ENDED AT - 2020-06-16T06:26:10.183620
Tue 06/16/2020- 6:26:10.25 
------------------------------------END------------------------------------------ 
------------------------------------START------------------------------------------ 
Tue 06/16/2020- 6:31:09.29 
STARTED AT - 2020-06-16T06:31:10.012620
Terms:   0%|          | 0/1 [00:00<?, ?it/s]here1
here2
Terms: 100%|##########| 1/1 [00:00<00:00, 33.33it/s]
ENDED AT - 2020-06-16T06:31:10.069619
Tue 06/16/2020- 6:31:10.14 
------------------------------------END------------------------------------------ 
------------------------------------START------------------------------------------ 
Tue 06/16/2020- 6:36:09.28 
STARTED AT - 2020-06-16T06:36:10.026617
Terms:   0%|          | 0/1 [00:00<?, ?it/s]here1
here2
Terms: 100%|##########| 1/1 [00:00<00:00, 55.55it/s]
ENDED AT - 2020-06-16T06:36:10.069619
Tue 06/16/2020- 6:36:10.14 
------------------------------------END------------------------------------------ 
------------------------------------START------------------------------------------ 
Tue 06/16/2020- 6:41:09.30 
STARTED AT - 2020-06-16T06:41:09.993221
Terms:   0%|          | 0/1 [00:00<?, ?it/s]here1
here2
Terms: 100%|##########| 1/1 [00:00<00:00, 47.62it/s]
ENDED AT - 2020-06-16T06:41:10.053221
Tue 06/16/2020- 6:41:10.12 
------------------------------------END------------------------------------------ 
------------------------------------START------------------------------------------ 
Tue 06/16/2020- 6:46:09.28 
STARTED AT - 2020-06-16T06:46:09.973785
Terms:   0%|          | 0/1 [00:00<?, ?it/s]here1
here2
Terms: 100%|##########| 1/1 [00:00<00:00, 50.00it/s]
ENDED AT - 2020-06-16T06:46:10.029786
Tue 06/16/2020- 6:46:10.12 
------------------------------------END------------------------------------------ 
------------------------------------START------------------------------------------ 
Tue 06/16/2020- 6:51:09.32 
STARTED AT - 2020-06-16T06:51:10.066818
Terms:   0%|          | 0/1 [00:00<?, ?it/s]here1
here2
Terms: 100%|##########| 1/1 [00:00<00:00, 38.46it/s]
ENDED AT - 2020-06-16T06:51:10.133818
Tue 06/16/2020- 6:51:10.23 
------------------------------------END------------------------------------------ 
------------------------------------START------------------------------------------ 
Tue 06/16/2020- 6:56:09.29 
STARTED AT - 2020-06-16T06:56:10.051135
Terms:   0%|          | 0/1 [00:00<?, ?it/s]here1
here2
Terms: 100%|##########| 1/1 [00:00<00:00, 26.96it/s]
ENDED AT - 2020-06-16T06:56:10.122223
Tue 06/16/2020- 6:56:10.21 
------------------------------------END------------------------------------------ 
------------------------------------START------------------------------------------ 
Tue 06/16/2020- 7:01:09.26 
STARTED AT - 2020-06-16T07:01:09.967133
Terms:   0%|          | 0/1 [00:00<?, ?it/s]here1
here2
Terms: 100%|##########| 1/1 [00:00<00:00, 43.48it/s]
ENDED AT - 2020-06-16T07:01:10.019133
Tue 06/16/2020- 7:01:10.10 
------------------------------------END------------------------------------------ 
------------------------------------START------------------------------------------ 
Tue 06/16/2020- 7:06:09.30 
STARTED AT - 2020-06-16T07:06:10.162552
Terms:   0%|          | 0/1 [00:00<?, ?it/s]here1
here2
Terms: 100%|##########| 1/1 [00:00<00:00, 38.46it/s]
ENDED AT - 2020-06-16T07:06:10.222554
Tue 06/16/2020- 7:06:10.31 
------------------------------------END------------------------------------------ 
------------------------------------START------------------------------------------ 
Tue 06/16/2020- 7:11:09.26 
STARTED AT - 2020-06-16T07:11:09.948554
Terms:   0%|          | 0/1 [00:00<?, ?it/s]here1
here2
Terms: 100%|##########| 1/1 [00:00<00:00, 52.43it/s]
ENDED AT - 2020-06-16T07:11:10.006627
Tue 06/16/2020- 7:11:10.09 
------------------------------------END------------------------------------------ 
------------------------------------START------------------------------------------ 
Tue 06/16/2020- 7:16:09.32 
STARTED AT - 2020-06-16T07:16:10.045047
Terms:   0%|          | 0/1 [00:00<?, ?it/s]here1
here2
Terms: 100%|##########| 1/1 [00:00<00:00, 47.62it/s]
ENDED AT - 2020-06-16T07:16:10.095043
Tue 06/16/2020- 7:16:10.17 
------------------------------------END------------------------------------------ 
------------------------------------START------------------------------------------ 
Tue 06/16/2020- 7:21:09.28 
STARTED AT - 2020-06-16T07:21:10.042291
Terms:   0%|          | 0/1 [00:00<?, ?it/s]here1
here2
Terms: 100%|##########| 1/1 [00:00<00:00, 50.01it/s]
ENDED AT - 2020-06-16T07:21:10.090291
Tue 06/16/2020- 7:21:10.17 
------------------------------------END------------------------------------------ 
------------------------------------START------------------------------------------ 
Tue 06/16/2020- 7:26:09.32 
STARTED AT - 2020-06-16T07:26:10.126290
Terms:   0%|          | 0/1 [00:00<?, ?it/s]here1
here2
Terms: 100%|##########| 1/1 [00:00<00:00, 37.03it/s]
ENDED AT - 2020-06-16T07:26:10.182293
Tue 06/16/2020- 7:26:10.27 
------------------------------------END------------------------------------------ 
------------------------------------START------------------------------------------ 
Tue 06/16/2020- 7:31:09.27 
STARTED AT - 2020-06-16T07:31:09.965581
Terms:   0%|          | 0/1 [00:00<?, ?it/s]here1
here2
Terms: 100%|##########| 1/1 [00:00<00:00, 50.88it/s]
ENDED AT - 2020-06-16T07:31:10.016166
Tue 06/16/2020- 7:31:10.10 
------------------------------------END------------------------------------------ 
------------------------------------START------------------------------------------ 
Tue 06/16/2020- 7:36:09.28 
STARTED AT - 2020-06-16T07:36:10.075715
Terms:   0%|          | 0/1 [00:00<?, ?it/s]here1
here2
Terms: 100%|##########| 1/1 [00:00<00:00, 50.00it/s]
ENDED AT - 2020-06-16T07:36:10.127715
Tue 06/16/2020- 7:36:10.20 
------------------------------------END------------------------------------------ 
------------------------------------START------------------------------------------ 
Tue 06/16/2020- 7:41:09.32 
STARTED AT - 2020-06-16T07:41:10.003121
Terms:   0%|          | 0/1 [00:00<?, ?it/s]here1
here2
Terms: 100%|##########| 1/1 [00:00<00:00, 55.56it/s]
ENDED AT - 2020-06-16T07:41:10.050121
Tue 06/16/2020- 7:41:10.12 
------------------------------------END------------------------------------------ 
------------------------------------START------------------------------------------ 
Tue 06/16/2020- 7:46:09.27 
STARTED AT - 2020-06-16T07:46:10.027642
Terms:   0%|          | 0/1 [00:00<?, ?it/s]here1
here2
Terms: 100%|##########| 1/1 [00:00<00:00, 40.00it/s]
ENDED AT - 2020-06-16T07:46:10.083643
Tue 06/16/2020- 7:46:10.17 
------------------------------------END------------------------------------------ 
------------------------------------START------------------------------------------ 
Tue 06/16/2020- 7:51:09.27 
STARTED AT - 2020-06-16T07:51:09.952157
Terms:   0%|          | 0/1 [00:00<?, ?it/s]here1
here2
Terms: 100%|##########| 1/1 [00:00<00:00, 40.00it/s]
ENDED AT - 2020-06-16T07:51:10.008156
Tue 06/16/2020- 7:51:10.08 
------------------------------------END------------------------------------------ 
------------------------------------START------------------------------------------ 
Tue 06/16/2020- 7:56:09.28 
STARTED AT - 2020-06-16T07:56:10.009896
Terms:   0%|          | 0/1 [00:00<?, ?it/s]here1
here2
Terms: 100%|##########| 1/1 [00:00<00:00, 47.62it/s]
ENDED AT - 2020-06-16T07:56:10.059898
Tue 06/16/2020- 7:56:10.16 
------------------------------------END------------------------------------------ 
------------------------------------START------------------------------------------ 
Tue 06/16/2020- 8:01:09.26 
STARTED AT - 2020-06-16T08:01:09.988593
Terms:   0%|          | 0/1 [00:00<?, ?it/s]here1
here2
Terms: 100%|##########| 1/1 [00:00<00:00, 58.83it/s]
ENDED AT - 2020-06-16T08:01:10.041593
Tue 06/16/2020- 8:01:10.12 
------------------------------------END------------------------------------------ 
------------------------------------START------------------------------------------ 
Tue 06/16/2020- 8:06:09.27 
STARTED AT - 2020-06-16T08:06:09.925709
Terms:   0%|          | 0/1 [00:00<?, ?it/s]here1
here2
Terms: 100%|##########| 1/1 [00:00<00:00, 58.82it/s]
ENDED AT - 2020-06-16T08:06:09.980711
Tue 06/16/2020- 8:06:10.06 
------------------------------------END------------------------------------------ 
------------------------------------START------------------------------------------ 
Tue 06/16/2020- 8:11:09.32 
STARTED AT - 2020-06-16T08:11:09.984095
Terms:   0%|          | 0/1 [00:00<?, ?it/s]here1
here2
Terms: 100%|##########| 1/1 [00:00<00:00, 52.64it/s]
ENDED AT - 2020-06-16T08:11:10.102096
Tue 06/16/2020- 8:11:10.17 
------------------------------------END------------------------------------------ 
------------------------------------START------------------------------------------ 
Tue 06/16/2020- 8:16:09.35 
STARTED AT - 2020-06-16T08:16:10.068065
Terms:   0%|          | 0/1 [00:00<?, ?it/s]here1
here2
Terms: 100%|##########| 1/1 [00:00<00:00, 45.46it/s]
ENDED AT - 2020-06-16T08:16:10.123066
Tue 06/16/2020- 8:16:10.21 
------------------------------------END------------------------------------------ 
------------------------------------START------------------------------------------ 
Tue 06/16/2020- 8:21:09.28 
STARTED AT - 2020-06-16T08:21:09.975551
Terms:   0%|          | 0/1 [00:00<?, ?it/s]here1
here2
Terms: 100%|##########| 1/1 [00:00<00:00, 38.46it/s]
ENDED AT - 2020-06-16T08:21:10.039556
Tue 06/16/2020- 8:21:10.12 
------------------------------------END------------------------------------------ 
------------------------------------START------------------------------------------ 
Tue 06/16/2020- 8:26:09.30 
STARTED AT - 2020-06-16T08:26:10.609186
Terms:   0%|          | 0/1 [00:00<?, ?it/s]here1
here2
Terms: 100%|##########| 1/1 [00:00<00:00, 30.31it/s]
ENDED AT - 2020-06-16T08:26:10.681184
Tue 06/16/2020- 8:26:10.82 
------------------------------------END------------------------------------------ 
------------------------------------START------------------------------------------ 
Tue 06/16/2020- 8:31:09.32 
STARTED AT - 2020-06-16T08:31:09.985776
Terms:   0%|          | 0/1 [00:00<?, ?it/s]here1
here2
Terms: 100%|##########| 1/1 [00:00<00:00, 34.47it/s]
ENDED AT - 2020-06-16T08:31:10.042786
Tue 06/16/2020- 8:31:10.12 
------------------------------------END------------------------------------------ 
------------------------------------START------------------------------------------ 
Tue 06/16/2020- 8:36:09.26 
STARTED AT - 2020-06-16T08:36:09.941012
Terms:   0%|          | 0/1 [00:00<?, ?it/s]here1
here2
Terms: 100%|##########| 1/1 [00:00<00:00, 55.55it/s]
ENDED AT - 2020-06-16T08:36:09.988012
Tue 06/16/2020- 8:36:10.07 
------------------------------------END------------------------------------------ 
------------------------------------START------------------------------------------ 
Tue 06/16/2020- 8:41:09.26 
STARTED AT - 2020-06-16T08:41:09.959853
Terms:   0%|          | 0/1 [00:00<?, ?it/s]here1
here2
Terms: 100%|##########| 1/1 [00:00<00:00, 50.00it/s]
ENDED AT - 2020-06-16T08:41:10.005851
Tue 06/16/2020- 8:41:10.08 
------------------------------------END------------------------------------------ 
------------------------------------START------------------------------------------ 
Tue 06/16/2020- 8:46:09.26 
STARTED AT - 2020-06-16T08:46:09.943678
Terms:   0%|          | 0/1 [00:00<?, ?it/s]here1
here2
Terms: 100%|##########| 1/1 [00:00<00:00, 58.83it/s]
ENDED AT - 2020-06-16T08:46:09.986678
Tue 06/16/2020- 8:46:10.07 
------------------------------------END------------------------------------------ 
------------------------------------START------------------------------------------ 
Tue 06/16/2020- 8:51:09.26 
STARTED AT - 2020-06-16T08:51:09.912091
Terms:   0%|          | 0/1 [00:00<?, ?it/s]here1
here2
Terms: 100%|##########| 1/1 [00:00<00:00, 50.00it/s]
ENDED AT - 2020-06-16T08:51:09.958092
Tue 06/16/2020- 8:51:10.03 
------------------------------------END------------------------------------------ 
------------------------------------START------------------------------------------ 
Tue 06/16/2020- 8:56:09.28 
STARTED AT - 2020-06-16T08:56:09.934562
Terms:   0%|          | 0/1 [00:00<?, ?it/s]here1
here2
Terms: 100%|##########| 1/1 [00:00<00:00, 43.48it/s]
ENDED AT - 2020-06-16T08:56:09.985563
Tue 06/16/2020- 8:56:10.06 
------------------------------------END------------------------------------------ 
------------------------------------START------------------------------------------ 
Tue 06/16/2020- 9:01:09.33 
STARTED AT - 2020-06-16T09:01:09.964106
Terms:   0%|          | 0/1 [00:00<?, ?it/s]here1
here2
Terms: 100%|##########| 1/1 [00:00<00:00, 55.55it/s]
ENDED AT - 2020-06-16T09:01:10.008106
Tue 06/16/2020- 9:01:10.08 
------------------------------------END------------------------------------------ 
------------------------------------START------------------------------------------ 
Tue 06/16/2020- 9:06:09.27 
STARTED AT - 2020-06-16T09:06:09.994172
Terms:   0%|          | 0/1 [00:00<?, ?it/s]here1
here2
Terms: 100%|##########| 1/1 [00:00<00:00, 55.56it/s]
ENDED AT - 2020-06-16T09:06:10.100171
Tue 06/16/2020- 9:06:10.17 
------------------------------------END------------------------------------------ 
------------------------------------START------------------------------------------ 
Tue 06/16/2020- 9:11:09.28 
STARTED AT - 2020-06-16T09:11:09.925612
Terms:   0%|          | 0/1 [00:00<?, ?it/s]here1
here2
Terms: 100%|##########| 1/1 [00:00<00:00, 34.48it/s]
ENDED AT - 2020-06-16T09:11:09.986609
Tue 06/16/2020- 9:11:10.08 
------------------------------------END------------------------------------------ 
------------------------------------START------------------------------------------ 
Tue 06/16/2020- 9:16:09.27 
STARTED AT - 2020-06-16T09:16:09.959239
Terms:   0%|          | 0/1 [00:00<?, ?it/s]here1
here2
Terms: 100%|##########| 1/1 [00:00<00:00, 52.63it/s]
ENDED AT - 2020-06-16T09:16:10.008238
Tue 06/16/2020- 9:16:10.07 
------------------------------------END------------------------------------------ 
------------------------------------START------------------------------------------ 
Tue 06/16/2020- 9:21:09.26 
STARTED AT - 2020-06-16T09:21:09.963568
Terms:   0%|          | 0/1 [00:00<?, ?it/s]here1
here2
Terms: 100%|##########| 1/1 [00:00<00:00, 58.82it/s]
ENDED AT - 2020-06-16T09:21:10.007569
Tue 06/16/2020- 9:21:10.07 
------------------------------------END------------------------------------------ 
------------------------------------START------------------------------------------ 
Tue 06/16/2020- 9:26:09.26 
STARTED AT - 2020-06-16T09:26:09.944052
Terms:   0%|          | 0/1 [00:00<?, ?it/s]here1
here2
Terms: 100%|##########| 1/1 [00:00<00:00, 37.04it/s]
ENDED AT - 2020-06-16T09:26:09.998053
Tue 06/16/2020- 9:26:10.07 
------------------------------------END------------------------------------------ 
------------------------------------START------------------------------------------ 
Tue 06/16/2020- 9:31:09.27 
STARTED AT - 2020-06-16T09:31:09.930512
Terms:   0%|          | 0/1 [00:00<?, ?it/s]here1
here2
Terms: 100%|##########| 1/1 [00:00<00:00, 55.54it/s]
ENDED AT - 2020-06-16T09:31:09.983516
Tue 06/16/2020- 9:31:10.06 
------------------------------------END------------------------------------------ 
------------------------------------START------------------------------------------ 
Tue 06/16/2020- 9:36:09.30 
STARTED AT - 2020-06-16T09:36:09.923164
Terms:   0%|          | 0/1 [00:00<?, ?it/s]here1
here2
Terms: 100%|##########| 1/1 [00:00<00:00, 50.00it/s]
ENDED AT - 2020-06-16T09:36:09.971163
Tue 06/16/2020- 9:36:10.05 
------------------------------------END------------------------------------------ 
------------------------------------START------------------------------------------ 
Tue 06/16/2020- 9:41:09.26 
STARTED AT - 2020-06-16T09:41:09.913317
Terms:   0%|          | 0/1 [00:00<?, ?it/s]here1
here2
Terms: 100%|##########| 1/1 [00:00<00:00, 37.04it/s]
ENDED AT - 2020-06-16T09:41:09.974318
Tue 06/16/2020- 9:41:10.06 
------------------------------------END------------------------------------------ 
------------------------------------START------------------------------------------ 
Tue 06/16/2020- 9:46:09.27 
STARTED AT - 2020-06-16T09:46:09.890901
Terms:   0%|          | 0/1 [00:00<?, ?it/s]here1
here2
Terms: 100%|##########| 1/1 [00:00<00:00, 55.56it/s]
ENDED AT - 2020-06-16T09:46:09.938901
Tue 06/16/2020- 9:46:10.01 
------------------------------------END------------------------------------------ 
------------------------------------START------------------------------------------ 
Tue 06/16/2020- 9:51:09.26 
STARTED AT - 2020-06-16T09:51:09.920208
Terms:   0%|          | 0/1 [00:00<?, ?it/s]here1
here2
Terms: 100%|##########| 1/1 [00:00<00:00, 47.62it/s]
ENDED AT - 2020-06-16T09:51:09.978204
Tue 06/16/2020- 9:51:10.05 
------------------------------------END------------------------------------------ 
------------------------------------START------------------------------------------ 
Tue 06/16/2020- 9:56:09.27 
STARTED AT - 2020-06-16T09:56:09.908659
Terms:   0%|          | 0/1 [00:00<?, ?it/s]here1
here2
Terms: 100%|##########| 1/1 [00:00<00:00, 47.62it/s]
ENDED AT - 2020-06-16T09:56:09.961659
Tue 06/16/2020- 9:56:10.04 
------------------------------------END------------------------------------------ 
------------------------------------START------------------------------------------ 
Tue 06/16/2020-10:01:09.27 
STARTED AT - 2020-06-16T10:01:09.908187
Terms:   0%|          | 0/1 [00:00<?, ?it/s]here1
here2
Terms: 100%|##########| 1/1 [00:00<00:00, 58.83it/s]
ENDED AT - 2020-06-16T10:01:09.954187
Tue 06/16/2020-10:01:10.03 
------------------------------------END------------------------------------------ 
------------------------------------START------------------------------------------ 
Tue 06/16/2020-10:06:09.25 
STARTED AT - 2020-06-16T10:06:09.953428
Terms:   0%|          | 0/1 [00:00<?, ?it/s]here1
here2
Terms: 100%|##########| 1/1 [00:00<00:00, 52.63it/s]
ENDED AT - 2020-06-16T10:06:10.011427
Tue 06/16/2020-10:06:10.10 
------------------------------------END------------------------------------------ 
------------------------------------START------------------------------------------ 
Tue 06/16/2020-10:11:09.26 
STARTED AT - 2020-06-16T10:11:09.907431
Terms:   0%|          | 0/1 [00:00<?, ?it/s]here1
here2
Terms: 100%|##########| 1/1 [00:00<00:00, 58.82it/s]
ENDED AT - 2020-06-16T10:11:09.952432
Tue 06/16/2020-10:11:10.02 
------------------------------------END------------------------------------------ 
------------------------------------START------------------------------------------ 
Tue 06/16/2020-10:16:09.27 
STARTED AT - 2020-06-16T10:16:09.898176
Terms:   0%|          | 0/1 [00:00<?, ?it/s]here1
here2
Terms: 100%|##########| 1/1 [00:00<00:00, 58.83it/s]
ENDED AT - 2020-06-16T10:16:09.941174
Tue 06/16/2020-10:16:10.01 
------------------------------------END------------------------------------------ 
------------------------------------START------------------------------------------ 
Tue 06/16/2020-10:21:09.38 
STARTED AT - 2020-06-16T10:21:10.044488
Terms:   0%|          | 0/1 [00:00<?, ?it/s]here1
here2
Terms: 100%|##########| 1/1 [00:00<00:00, 50.00it/s]
ENDED AT - 2020-06-16T10:21:10.097488
Tue 06/16/2020-10:21:10.18 
------------------------------------END------------------------------------------ 
------------------------------------START------------------------------------------ 
Tue 06/16/2020-10:26:09.27 
STARTED AT - 2020-06-16T10:26:10.034690
Terms:   0%|          | 0/1 [00:00<?, ?it/s]here1
here2
Terms: 100%|##########| 1/1 [00:00<00:00, 43.70it/s]
ENDED AT - 2020-06-16T10:26:10.084690
Tue 06/16/2020-10:26:10.18 
------------------------------------END------------------------------------------ 
------------------------------------START------------------------------------------ 
Tue 06/16/2020-10:31:09.36 
STARTED AT - 2020-06-16T10:31:10.008119
Terms:   0%|          | 0/1 [00:00<?, ?it/s]here1
here2
Terms: 100%|##########| 1/1 [00:00<00:00, 50.00it/s]
ENDED AT - 2020-06-16T10:31:10.070119
Tue 06/16/2020-10:31:10.14 
------------------------------------END------------------------------------------ 
------------------------------------START------------------------------------------ 
Tue 06/16/2020-10:36:09.27 
STARTED AT - 2020-06-16T10:36:09.903257
Terms:   0%|          | 0/1 [00:00<?, ?it/s]here1
here2
Terms: 100%|##########| 1/1 [00:00<00:00, 58.82it/s]
ENDED AT - 2020-06-16T10:36:09.947253
Tue 06/16/2020-10:36:10.01 
------------------------------------END------------------------------------------ 
------------------------------------START------------------------------------------ 
Tue 06/16/2020-10:41:09.35 
STARTED AT - 2020-06-16T10:41:10.015431
Terms:   0%|          | 0/1 [00:00<?, ?it/s]here1
here2
Terms: 100%|##########| 1/1 [00:00<00:00, 43.48it/s]
ENDED AT - 2020-06-16T10:41:10.065432
Tue 06/16/2020-10:41:10.14 
------------------------------------END------------------------------------------ 
------------------------------------START------------------------------------------ 
Tue 06/16/2020-10:46:09.25 
STARTED AT - 2020-06-16T10:46:09.945897
Terms:   0%|          | 0/1 [00:00<?, ?it/s]here1
here2
Terms: 100%|##########| 1/1 [00:00<00:00, 58.83it/s]
ENDED AT - 2020-06-16T10:46:09.990898
Tue 06/16/2020-10:46:10.06 
------------------------------------END------------------------------------------ 
------------------------------------START------------------------------------------ 
Tue 06/16/2020-10:51:09.24 
STARTED AT - 2020-06-16T10:51:09.953910
Terms:   0%|          | 0/1 [00:00<?, ?it/s]here1
here2
Terms: 100%|##########| 1/1 [00:00<00:00, 58.82it/s]
ENDED AT - 2020-06-16T10:51:09.997910
Tue 06/16/2020-10:51:10.07 
------------------------------------END------------------------------------------ 
------------------------------------START------------------------------------------ 
Tue 06/16/2020-10:56:09.25 
STARTED AT - 2020-06-16T10:56:09.922750
Terms:   0%|          | 0/1 [00:00<?, ?it/s]here1
here2
Terms: 100%|##########| 1/1 [00:00<00:00, 44.84it/s]
ENDED AT - 2020-06-16T10:56:09.972053
Tue 06/16/2020-10:56:10.06 
------------------------------------END------------------------------------------ 
------------------------------------START------------------------------------------ 
Tue 06/16/2020-11:01:09.26 
STARTED AT - 2020-06-16T11:01:09.910238
Terms:   0%|          | 0/1 [00:00<?, ?it/s]here1
here2
Terms: 100%|##########| 1/1 [00:00<00:00, 52.63it/s]
ENDED AT - 2020-06-16T11:01:09.959236
Tue 06/16/2020-11:01:10.03 
------------------------------------END------------------------------------------ 
------------------------------------START------------------------------------------ 
Tue 06/16/2020-11:06:09.26 
STARTED AT - 2020-06-16T11:06:09.905667
Terms:   0%|          | 0/1 [00:00<?, ?it/s]here1
here2
Terms: 100%|##########| 1/1 [00:00<00:00, 58.47it/s]
ENDED AT - 2020-06-16T11:06:09.994770
Tue 06/16/2020-11:06:10.07 
------------------------------------END------------------------------------------ 
------------------------------------START------------------------------------------ 
Tue 06/16/2020-11:11:09.25 
STARTED AT - 2020-06-16T11:11:09.873736
Terms:   0%|          | 0/1 [00:00<?, ?it/s]here1
here2
Terms: 100%|##########| 1/1 [00:00<00:00, 38.46it/s]
ENDED AT - 2020-06-16T11:11:09.925736
Tue 06/16/2020-11:11:10.02 
------------------------------------END------------------------------------------ 
------------------------------------START------------------------------------------ 
Tue 06/16/2020-11:16:09.27 
STARTED AT - 2020-06-16T11:16:09.954120
Terms:   0%|          | 0/1 [00:00<?, ?it/s]here1
here2
Terms: 100%|##########| 1/1 [00:00<00:00, 50.00it/s]
ENDED AT - 2020-06-16T11:16:10.016117
Tue 06/16/2020-11:16:10.13 
------------------------------------END------------------------------------------ 
------------------------------------START------------------------------------------ 
Tue 06/16/2020-11:21:09.27 
STARTED AT - 2020-06-16T11:21:09.920981
Terms:   0%|          | 0/1 [00:00<?, ?it/s]here1
here2
Terms: 100%|##########| 1/1 [00:00<00:00, 52.64it/s]
ENDED AT - 2020-06-16T11:21:10.034980
Tue 06/16/2020-11:21:10.11 
------------------------------------END------------------------------------------ 
------------------------------------START------------------------------------------ 
Tue 06/16/2020-11:26:09.25 
STARTED AT - 2020-06-16T11:26:09.937108
Terms:   0%|          | 0/1 [00:00<?, ?it/s]here1
here2
Terms: 100%|##########| 1/1 [00:00<00:00, 40.00it/s]
ENDED AT - 2020-06-16T11:26:09.988107
Tue 06/16/2020-11:26:10.06 
------------------------------------END------------------------------------------ 
------------------------------------START------------------------------------------ 
Tue 06/16/2020-11:31:09.25 
STARTED AT - 2020-06-16T11:31:09.885715
Terms:   0%|          | 0/1 [00:00<?, ?it/s]here1
here2
Terms: 100%|##########| 1/1 [00:00<00:00, 40.00it/s]
ENDED AT - 2020-06-16T11:31:09.937714
Tue 06/16/2020-11:31:10.00 
------------------------------------END------------------------------------------ 
------------------------------------START------------------------------------------ 
Tue 06/16/2020-11:36:09.25 
STARTED AT - 2020-06-16T11:36:09.950311
Terms:   0%|          | 0/1 [00:00<?, ?it/s]here1
here2
Terms: 100%|##########| 1/1 [00:00<00:00, 58.83it/s]
ENDED AT - 2020-06-16T11:36:09.994311
Tue 06/16/2020-11:36:10.07 
------------------------------------END------------------------------------------ 
------------------------------------START------------------------------------------ 
Tue 06/16/2020-11:41:09.27 
STARTED AT - 2020-06-16T11:41:10.012756
Terms:   0%|          | 0/1 [00:00<?, ?it/s]here1
here2
Terms: 100%|##########| 1/1 [00:00<00:00, 52.64it/s]
ENDED AT - 2020-06-16T11:41:10.056753
Tue 06/16/2020-11:41:10.13 
------------------------------------END------------------------------------------ 
------------------------------------START------------------------------------------ 
Tue 06/16/2020-11:46:09.25 
STARTED AT - 2020-06-16T11:46:09.899546
Terms:   0%|          | 0/1 [00:00<?, ?it/s]here1
here2
Terms: 100%|##########| 1/1 [00:00<00:00, 47.62it/s]
ENDED AT - 2020-06-16T11:46:09.947547
Tue 06/16/2020-11:46:10.02 
------------------------------------END------------------------------------------ 
------------------------------------START------------------------------------------ 
Tue 06/16/2020-11:51:09.27 
STARTED AT - 2020-06-16T11:51:09.957988
Terms:   0%|          | 0/1 [00:00<?, ?it/s]here1
here2
Terms: 100%|##########| 1/1 [00:00<00:00, 55.56it/s]
ENDED AT - 2020-06-16T11:51:10.003988
Tue 06/16/2020-11:51:10.07 
------------------------------------END------------------------------------------ 
------------------------------------START------------------------------------------ 
Tue 06/16/2020-11:56:09.27 
STARTED AT - 2020-06-16T11:56:09.941659
Terms:   0%|          | 0/1 [00:00<?, ?it/s]here1
here2
Terms: 100%|##########| 1/1 [00:00<00:00, 52.63it/s]
ENDED AT - 2020-06-16T11:56:09.987660
Tue 06/16/2020-11:56:10.06 
------------------------------------END------------------------------------------ 
------------------------------------START------------------------------------------ 
Tue 06/16/2020-12:01:09.26 
STARTED AT - 2020-06-16T12:01:09.913200
Terms:   0%|          | 0/1 [00:00<?, ?it/s]here1
here2
Terms: 100%|##########| 1/1 [00:00<00:00, 55.55it/s]
ENDED AT - 2020-06-16T12:01:09.957202
Tue 06/16/2020-12:01:10.03 
------------------------------------END------------------------------------------ 
------------------------------------START------------------------------------------ 
Tue 06/16/2020-12:06:09.25 
STARTED AT - 2020-06-16T12:06:09.888935
Terms:   0%|          | 0/1 [00:00<?, ?it/s]here1
here2
Terms: 100%|##########| 1/1 [00:00<00:00, 52.63it/s]
ENDED AT - 2020-06-16T12:06:09.935937
Tue 06/16/2020-12:06:10.01 
------------------------------------END------------------------------------------ 
------------------------------------START------------------------------------------ 
Tue 06/16/2020-12:11:09.27 
STARTED AT - 2020-06-16T12:11:09.903000
Terms:   0%|          | 0/1 [00:00<?, ?it/s]here1
here2
Terms: 100%|##########| 1/1 [00:00<00:00, 55.56it/s]
ENDED AT - 2020-06-16T12:11:09.956255
Tue 06/16/2020-12:11:10.03 
------------------------------------END------------------------------------------ 
------------------------------------START------------------------------------------ 
Tue 06/16/2020-12:16:09.36 
STARTED AT - 2020-06-16T12:16:10.063662
Terms:   0%|          | 0/1 [00:00<?, ?it/s]here1
here2
Terms: 100%|##########| 1/1 [00:00<00:00, 47.62it/s]
ENDED AT - 2020-06-16T12:16:10.113663
Tue 06/16/2020-12:16:10.19 
------------------------------------END------------------------------------------ 
------------------------------------START------------------------------------------ 
Tue 06/16/2020-12:21:09.26 
STARTED AT - 2020-06-16T12:21:09.967003
Terms:   0%|          | 0/1 [00:00<?, ?it/s]here1
here2
Terms: 100%|##########| 1/1 [00:00<00:00, 52.63it/s]
ENDED AT - 2020-06-16T12:21:10.013003
Tue 06/16/2020-12:21:10.11 
------------------------------------END------------------------------------------ 
------------------------------------START------------------------------------------ 
Tue 06/16/2020-12:26:09.27 
STARTED AT - 2020-06-16T12:26:09.914040
Terms:   0%|          | 0/1 [00:00<?, ?it/s]here1
here2
Terms: 100%|##########| 1/1 [00:00<00:00, 55.55it/s]
ENDED AT - 2020-06-16T12:26:09.963041
Tue 06/16/2020-12:26:10.03 
------------------------------------END------------------------------------------ 
------------------------------------START------------------------------------------ 
Tue 06/16/2020-12:31:09.26 
STARTED AT - 2020-06-16T12:31:09.954691
Terms:   0%|          | 0/1 [00:00<?, ?it/s]here1
here2
Terms: 100%|##########| 1/1 [00:00<00:00, 58.85it/s]
ENDED AT - 2020-06-16T12:31:10.000892
Tue 06/16/2020-12:31:10.07 
------------------------------------END------------------------------------------ 
------------------------------------START------------------------------------------ 
Tue 06/16/2020-12:36:09.25 
STARTED AT - 2020-06-16T12:36:09.907373
Terms:   0%|          | 0/1 [00:00<?, ?it/s]here1
here2
Terms: 100%|##########| 1/1 [00:00<00:00, 58.82it/s]
ENDED AT - 2020-06-16T12:36:09.950374
Tue 06/16/2020-12:36:10.02 
------------------------------------END------------------------------------------ 
------------------------------------START------------------------------------------ 
Tue 06/16/2020-12:41:09.26 
STARTED AT - 2020-06-16T12:41:09.959812
Terms:   0%|          | 0/1 [00:00<?, ?it/s]here1
here2
Terms: 100%|##########| 1/1 [00:00<00:00, 41.67it/s]
ENDED AT - 2020-06-16T12:41:10.009812
Tue 06/16/2020-12:41:10.08 
------------------------------------END------------------------------------------ 
------------------------------------START------------------------------------------ 
Tue 06/16/2020-12:46:09.26 
STARTED AT - 2020-06-16T12:46:09.905991
Terms:   0%|          | 0/1 [00:00<?, ?it/s]here1
here2
Terms: 100%|##########| 1/1 [00:00<00:00, 58.81it/s]
ENDED AT - 2020-06-16T12:46:09.950995
Tue 06/16/2020-12:46:10.02 
------------------------------------END------------------------------------------ 
------------------------------------START------------------------------------------ 
Tue 06/16/2020-12:51:09.30 
STARTED AT - 2020-06-16T12:51:09.931706
Terms:   0%|          | 0/1 [00:00<?, ?it/s]here1
here2
Terms: 100%|##########| 1/1 [00:00<00:00, 55.56it/s]
ENDED AT - 2020-06-16T12:51:09.979706
Tue 06/16/2020-12:51:10.07 
------------------------------------END------------------------------------------ 
------------------------------------START------------------------------------------ 
Tue 06/16/2020-12:56:09.27 
STARTED AT - 2020-06-16T12:56:09.941209
Terms:   0%|          | 0/1 [00:00<?, ?it/s]here1
here2
Terms: 100%|##########| 1/1 [00:00<00:00, 30.30it/s]
ENDED AT - 2020-06-16T12:56:10.010207
Tue 06/16/2020-12:56:10.09 
------------------------------------END------------------------------------------ 
------------------------------------START------------------------------------------ 
Tue 06/16/2020-13:01:09.27 
STARTED AT - 2020-06-16T13:01:09.909097
Terms:   0%|          | 0/1 [00:00<?, ?it/s]here1
here2
Terms: 100%|##########| 1/1 [00:00<00:00, 55.56it/s]
ENDED AT - 2020-06-16T13:01:09.962096
Tue 06/16/2020-13:01:10.04 
------------------------------------END------------------------------------------ 
------------------------------------START------------------------------------------ 
Tue 06/16/2020-13:06:09.26 
STARTED AT - 2020-06-16T13:06:09.944475
Terms:   0%|          | 0/1 [00:00<?, ?it/s]here1
here2
Terms: 100%|##########| 1/1 [00:00<00:00, 40.00it/s]
ENDED AT - 2020-06-16T13:06:09.996473
Tue 06/16/2020-13:06:10.07 
------------------------------------END------------------------------------------ 
------------------------------------START------------------------------------------ 
Tue 06/16/2020-13:11:09.28 
STARTED AT - 2020-06-16T13:11:10.028416
Terms:   0%|          | 0/1 [00:00<?, ?it/s]here1
here2
Terms: 100%|##########| 1/1 [00:00<00:00, 58.83it/s]
ENDED AT - 2020-06-16T13:11:10.087416
Tue 06/16/2020-13:11:10.16 
------------------------------------END------------------------------------------ 
------------------------------------START------------------------------------------ 
Tue 06/16/2020-13:16:09.27 
STARTED AT - 2020-06-16T13:16:09.947220
Terms:   0%|          | 0/1 [00:00<?, ?it/s]here1
here2
Terms: 100%|##########| 1/1 [00:00<00:00, 37.04it/s]
ENDED AT - 2020-06-16T13:16:10.012217
Tue 06/16/2020-13:16:10.09 
------------------------------------END------------------------------------------ 
------------------------------------START------------------------------------------ 
Tue 06/16/2020-13:21:09.28 
STARTED AT - 2020-06-16T13:21:09.997031
Terms:   0%|          | 0/1 [00:00<?, ?it/s]here1
here2
Terms: 100%|##########| 1/1 [00:00<00:00, 50.00it/s]
ENDED AT - 2020-06-16T13:21:10.048029
Tue 06/16/2020-13:21:10.13 
------------------------------------END------------------------------------------ 
------------------------------------START------------------------------------------ 
Tue 06/16/2020-13:26:09.27 
STARTED AT - 2020-06-16T13:26:09.903643
Terms:   0%|          | 0/1 [00:00<?, ?it/s]here1
here2
Terms: 100%|##########| 1/1 [00:00<00:00, 58.82it/s]
ENDED AT - 2020-06-16T13:26:09.946643
Tue 06/16/2020-13:26:10.01 
------------------------------------END------------------------------------------ 
------------------------------------START------------------------------------------ 
Tue 06/16/2020-13:31:09.28 
STARTED AT - 2020-06-16T13:31:09.902154
Terms:   0%|          | 0/1 [00:00<?, ?it/s]here1
here2
Terms: 100%|##########| 1/1 [00:00<00:00, 58.83it/s]
ENDED AT - 2020-06-16T13:31:09.945154
Tue 06/16/2020-13:31:10.01 
------------------------------------END------------------------------------------ 
------------------------------------START------------------------------------------ 
Tue 06/16/2020-13:36:09.26 
STARTED AT - 2020-06-16T13:36:09.931628
Terms:   0%|          | 0/1 [00:00<?, ?it/s]here1
here2
Terms: 100%|##########| 1/1 [00:00<00:00, 45.46it/s]
ENDED AT - 2020-06-16T13:36:09.983601
Tue 06/16/2020-13:36:10.06 
------------------------------------END------------------------------------------ 
------------------------------------START------------------------------------------ 
Tue 06/16/2020-13:41:09.26 
STARTED AT - 2020-06-16T13:41:09.941430
Terms:   0%|          | 0/1 [00:00<?, ?it/s]here1
here2
Terms: 100%|##########| 1/1 [00:00<00:00, 50.00it/s]
ENDED AT - 2020-06-16T13:41:09.987430
Tue 06/16/2020-13:41:10.06 
------------------------------------END------------------------------------------ 
------------------------------------START------------------------------------------ 
Tue 06/16/2020-13:46:09.25 
STARTED AT - 2020-06-16T13:46:09.885206
Terms:   0%|          | 0/1 [00:00<?, ?it/s]here1
here2
Terms: 100%|##########| 1/1 [00:00<00:00, 58.80it/s]
ENDED AT - 2020-06-16T13:46:09.928211
Tue 06/16/2020-13:46:09.99 
------------------------------------END------------------------------------------ 
------------------------------------START------------------------------------------ 
Tue 06/16/2020-13:51:09.30 
STARTED AT - 2020-06-16T13:51:09.951194
Terms:   0%|          | 0/1 [00:00<?, ?it/s]here1
here2
Terms: 100%|##########| 1/1 [00:00<00:00, 50.00it/s]
ENDED AT - 2020-06-16T13:51:10.011196
Tue 06/16/2020-13:51:10.09 
------------------------------------END------------------------------------------ 
------------------------------------START------------------------------------------ 
Tue 06/16/2020-13:56:09.25 
STARTED AT - 2020-06-16T13:56:09.910116
Terms:   0%|          | 0/1 [00:00<?, ?it/s]here1
here2
Terms: 100%|##########| 1/1 [00:00<00:00, 47.61it/s]
ENDED AT - 2020-06-16T13:56:09.960119
Tue 06/16/2020-13:56:10.03 
------------------------------------END------------------------------------------ 
------------------------------------START------------------------------------------ 
Tue 06/16/2020-14:01:09.25 
STARTED AT - 2020-06-16T14:01:10.136503
Terms:   0%|          | 0/1 [00:00<?, ?it/s]here1
here2
Terms: 100%|##########| 1/1 [00:00<00:00, 58.83it/s]
ENDED AT - 2020-06-16T14:01:10.181502
Tue 06/16/2020-14:01:10.25 
------------------------------------END------------------------------------------ 
------------------------------------START------------------------------------------ 
Tue 06/16/2020-14:06:09.26 
STARTED AT - 2020-06-16T14:06:09.914013
Terms:   0%|          | 0/1 [00:00<?, ?it/s]here1
here2
Terms: 100%|##########| 1/1 [00:00<00:00, 52.63it/s]
ENDED AT - 2020-06-16T14:06:09.966013
Tue 06/16/2020-14:06:10.04 
------------------------------------END------------------------------------------ 
------------------------------------START------------------------------------------ 
Tue 06/16/2020-14:11:09.34 
STARTED AT - 2020-06-16T14:11:10.006471
Terms:   0%|          | 0/1 [00:00<?, ?it/s]here1
here2
Terms: 100%|##########| 1/1 [00:00<00:00, 58.83it/s]
ENDED AT - 2020-06-16T14:11:10.064469
Tue 06/16/2020-14:11:10.14 
------------------------------------END------------------------------------------ 
------------------------------------START------------------------------------------ 
Tue 06/16/2020-14:16:09.25 
STARTED AT - 2020-06-16T14:16:10.026259
Terms:   0%|          | 0/1 [00:00<?, ?it/s]here1
here2
Terms: 100%|##########| 1/1 [00:00<00:00, 43.48it/s]
ENDED AT - 2020-06-16T14:16:10.079258
Tue 06/16/2020-14:16:10.15 
------------------------------------END------------------------------------------ 
------------------------------------START------------------------------------------ 
Tue 06/16/2020-14:21:09.25 
STARTED AT - 2020-06-16T14:21:09.925159
Terms:   0%|          | 0/1 [00:00<?, ?it/s]here1
here2
Terms: 100%|##########| 1/1 [00:00<00:00, 55.57it/s]
ENDED AT - 2020-06-16T14:21:09.982160
Tue 06/16/2020-14:21:10.05 
------------------------------------END------------------------------------------ 
------------------------------------START------------------------------------------ 
Tue 06/16/2020-14:26:09.27 
STARTED AT - 2020-06-16T14:26:10.162642
Terms:   0%|          | 0/1 [00:00<?, ?it/s]here1
here2
Terms: 100%|##########| 1/1 [00:00<00:00, 55.55it/s]
ENDED AT - 2020-06-16T14:26:10.213645
Tue 06/16/2020-14:26:10.28 
------------------------------------END------------------------------------------ 
------------------------------------START------------------------------------------ 
Tue 06/16/2020-14:31:09.26 
STARTED AT - 2020-06-16T14:31:09.923970
Terms:   0%|          | 0/1 [00:00<?, ?it/s]here1
here2
Terms: 100%|##########| 1/1 [00:00<00:00, 52.64it/s]
ENDED AT - 2020-06-16T14:31:09.970969
Tue 06/16/2020-14:31:10.05 
------------------------------------END------------------------------------------ 
------------------------------------START------------------------------------------ 
Tue 06/16/2020-14:36:09.25 
STARTED AT - 2020-06-16T14:36:09.888695
Terms:   0%|          | 0/1 [00:00<?, ?it/s]here1
here2
Terms: 100%|##########| 1/1 [00:00<00:00, 52.63it/s]
ENDED AT - 2020-06-16T14:36:09.934694
Tue 06/16/2020-14:36:10.01 
------------------------------------END------------------------------------------ 
------------------------------------START------------------------------------------ 
Tue 06/16/2020-14:41:09.26 
STARTED AT - 2020-06-16T14:41:10.238136
Terms:   0%|          | 0/1 [00:00<?, ?it/s]here1
here2
Terms: 100%|##########| 1/1 [00:00<00:00, 52.63it/s]
ENDED AT - 2020-06-16T14:41:10.292134
Tue 06/16/2020-14:41:10.37 
------------------------------------END------------------------------------------ 
------------------------------------START------------------------------------------ 
Tue 06/16/2020-14:46:09.26 
STARTED AT - 2020-06-16T14:46:09.970095
Terms:   0%|          | 0/1 [00:00<?, ?it/s]here1
here2
Terms: 100%|##########| 1/1 [00:00<00:00, 58.82it/s]
ENDED AT - 2020-06-16T14:46:10.017096
Tue 06/16/2020-14:46:10.09 
------------------------------------END------------------------------------------ 
------------------------------------START------------------------------------------ 
Tue 06/16/2020-14:51:09.28 
STARTED AT - 2020-06-16T14:51:09.955646
Terms:   0%|          | 0/1 [00:00<?, ?it/s]here1
here2
Terms: 100%|##########| 1/1 [00:00<00:00, 46.44it/s]
ENDED AT - 2020-06-16T14:51:10.004180
Tue 06/16/2020-14:51:10.08 
------------------------------------END------------------------------------------ 
------------------------------------START------------------------------------------ 
Tue 06/16/2020-14:56:09.27 
STARTED AT - 2020-06-16T14:56:09.901651
Terms:   0%|          | 0/1 [00:00<?, ?it/s]here1
here2
Terms: 100%|##########| 1/1 [00:00<00:00, 43.42it/s]
ENDED AT - 2020-06-16T14:56:09.952688
Tue 06/16/2020-14:56:10.05 
------------------------------------END------------------------------------------ 
------------------------------------START------------------------------------------ 
Tue 06/16/2020-15:01:09.38 
STARTED AT - 2020-06-16T15:01:10.028853
Terms:   0%|          | 0/1 [00:00<?, ?it/s]here1
here2
Terms: 100%|##########| 1/1 [00:00<00:00, 58.83it/s]
ENDED AT - 2020-06-16T15:01:10.072854
Tue 06/16/2020-15:01:10.15 
------------------------------------END------------------------------------------ 
------------------------------------START------------------------------------------ 
Tue 06/16/2020-15:06:09.27 
STARTED AT - 2020-06-16T15:06:09.981879
Terms:   0%|          | 0/1 [00:00<?, ?it/s]here1
here2
Terms: 100%|##########| 1/1 [00:00<00:00, 55.56it/s]
ENDED AT - 2020-06-16T15:06:10.027878
Tue 06/16/2020-15:06:10.11 
------------------------------------END------------------------------------------ 
------------------------------------START------------------------------------------ 
Tue 06/16/2020-15:11:09.25 
STARTED AT - 2020-06-16T15:11:09.936328
Terms:   0%|          | 0/1 [00:00<?, ?it/s]here1
here2
Terms: 100%|##########| 1/1 [00:00<00:00, 58.82it/s]
ENDED AT - 2020-06-16T15:11:09.980328
Tue 06/16/2020-15:11:10.05 
------------------------------------END------------------------------------------ 
------------------------------------START------------------------------------------ 
Tue 06/16/2020-15:16:09.26 
STARTED AT - 2020-06-16T15:16:09.894837
Terms:   0%|          | 0/10 [00:00<?, ?it/s]here1
here2
here3
here4
stat 2
sql took  1021.1400946
stat 2
(9237, 2)
here5
Terms:   0%|          | 0/10 [17:11<?, ?it/s]Traceback (most recent call last):
  File "C:\Users\seun\anaconda3\lib\site-packages\urllib3\connectionpool.py", line 421, in _make_request
    six.raise_from(e, None)
  File "<string>", line 3, in raise_from
  File "C:\Users\seun\anaconda3\lib\site-packages\urllib3\connectionpool.py", line 416, in _make_request
    httplib_response = conn.getresponse()
  File "C:\Users\seun\anaconda3\lib\http\client.py", line 1344, in getresponse
    response.begin()
  File "C:\Users\seun\anaconda3\lib\http\client.py", line 306, in begin
    version, status, reason = self._read_status()
  File "C:\Users\seun\anaconda3\lib\http\client.py", line 267, in _read_status
    line = str(self.fp.readline(_MAXLINE + 1), "iso-8859-1")
  File "C:\Users\seun\anaconda3\lib\socket.py", line 589, in readinto
    return self._sock.recv_into(b)
socket.timeout: timed out

During handling of the above exception, another exception occurred:

Traceback (most recent call last):
  File "C:\Users\seun\anaconda3\lib\site-packages\elasticsearch\connection\http_urllib3.py", line 229, in perform_request
    method, url, body, retries=Retry(False), headers=request_headers, **kw
  File "C:\Users\seun\anaconda3\lib\site-packages\urllib3\connectionpool.py", line 720, in urlopen
    method, url, error=e, _pool=self, _stacktrace=sys.exc_info()[2]
  File "C:\Users\seun\anaconda3\lib\site-packages\urllib3\util\retry.py", line 376, in increment
    raise six.reraise(type(error), error, _stacktrace)
  File "C:\Users\seun\anaconda3\lib\site-packages\urllib3\packages\six.py", line 735, in reraise
    raise value
  File "C:\Users\seun\anaconda3\lib\site-packages\urllib3\connectionpool.py", line 672, in urlopen
    chunked=chunked,
  File "C:\Users\seun\anaconda3\lib\site-packages\urllib3\connectionpool.py", line 423, in _make_request
    self._raise_timeout(err=e, url=url, timeout_value=read_timeout)
  File "C:\Users\seun\anaconda3\lib\site-packages\urllib3\connectionpool.py", line 331, in _raise_timeout
    self, url, "Read timed out. (read timeout=%s)" % timeout_value
urllib3.exceptions.ReadTimeoutError: HTTPConnectionPool(host='144.167.35.89', port=9200): Read timed out. (read timeout=10)

During handling of the above exception, another exception occurred:

Traceback (most recent call last):
  File "update_terms.py", line 13, in <module>
    testingKWT(tid, '144.167.35.89')
  File "C:\API\API_TTERMS.py", line 336, in testingKWT
    terms_result = getTopKWS(blog_ids, ip)
  File "C:\API\API_TTERMS.py", line 47, in getTopKWS
    body= body
  File "C:\Users\seun\anaconda3\lib\site-packages\elasticsearch\client\utils.py", line 92, in _wrapped
    return func(*args, params=params, headers=headers, **kwargs)
  File "C:\Users\seun\anaconda3\lib\site-packages\elasticsearch\client\__init__.py", line 1627, in search
    body=body,
  File "C:\Users\seun\anaconda3\lib\site-packages\elasticsearch\transport.py", line 362, in perform_request
    timeout=timeout,
  File "C:\Users\seun\anaconda3\lib\site-packages\elasticsearch\connection\http_urllib3.py", line 240, in perform_request
    raise ConnectionTimeout("TIMEOUT", str(e), e)
elasticsearch.exceptions.ConnectionTimeout: ConnectionTimeout caused by - ReadTimeoutError(HTTPConnectionPool(host='144.167.35.89', port=9200): Read timed out. (read timeout=10))

Tue 06/16/2020-15:33:21.55 
------------------------------------END------------------------------------------ 
------------------------------------START------------------------------------------ 
Tue 06/16/2020-15:36:09.26 
STARTED AT - 2020-06-16T15:36:09.948259
Terms:   0%|          | 0/10 [00:00<?, ?it/s]here1
here2
here3
here4
stat 2
sql took  2.2288437
stat 2
(9237, 2)
here5
Terms:   0%|          | 0/10 [00:12<?, ?it/s]Traceback (most recent call last):
  File "C:\Users\seun\anaconda3\lib\site-packages\urllib3\connectionpool.py", line 421, in _make_request
    six.raise_from(e, None)
  File "<string>", line 3, in raise_from
  File "C:\Users\seun\anaconda3\lib\site-packages\urllib3\connectionpool.py", line 416, in _make_request
    httplib_response = conn.getresponse()
  File "C:\Users\seun\anaconda3\lib\http\client.py", line 1344, in getresponse
    response.begin()
  File "C:\Users\seun\anaconda3\lib\http\client.py", line 306, in begin
    version, status, reason = self._read_status()
  File "C:\Users\seun\anaconda3\lib\http\client.py", line 267, in _read_status
    line = str(self.fp.readline(_MAXLINE + 1), "iso-8859-1")
  File "C:\Users\seun\anaconda3\lib\socket.py", line 589, in readinto
    return self._sock.recv_into(b)
socket.timeout: timed out

During handling of the above exception, another exception occurred:

Traceback (most recent call last):
  File "C:\Users\seun\anaconda3\lib\site-packages\elasticsearch\connection\http_urllib3.py", line 229, in perform_request
    method, url, body, retries=Retry(False), headers=request_headers, **kw
  File "C:\Users\seun\anaconda3\lib\site-packages\urllib3\connectionpool.py", line 720, in urlopen
    method, url, error=e, _pool=self, _stacktrace=sys.exc_info()[2]
  File "C:\Users\seun\anaconda3\lib\site-packages\urllib3\util\retry.py", line 376, in increment
    raise six.reraise(type(error), error, _stacktrace)
  File "C:\Users\seun\anaconda3\lib\site-packages\urllib3\packages\six.py", line 735, in reraise
    raise value
  File "C:\Users\seun\anaconda3\lib\site-packages\urllib3\connectionpool.py", line 672, in urlopen
    chunked=chunked,
  File "C:\Users\seun\anaconda3\lib\site-packages\urllib3\connectionpool.py", line 423, in _make_request
    self._raise_timeout(err=e, url=url, timeout_value=read_timeout)
  File "C:\Users\seun\anaconda3\lib\site-packages\urllib3\connectionpool.py", line 331, in _raise_timeout
    self, url, "Read timed out. (read timeout=%s)" % timeout_value
urllib3.exceptions.ReadTimeoutError: HTTPConnectionPool(host='144.167.35.89', port=9200): Read timed out. (read timeout=10)

During handling of the above exception, another exception occurred:

Traceback (most recent call last):
  File "update_terms.py", line 13, in <module>
    testingKWT(tid, '144.167.35.89')
  File "C:\API\API_TTERMS.py", line 336, in testingKWT
    terms_result = getTopKWS(blog_ids, ip)
  File "C:\API\API_TTERMS.py", line 47, in getTopKWS
    body= body
  File "C:\Users\seun\anaconda3\lib\site-packages\elasticsearch\client\utils.py", line 92, in _wrapped
    return func(*args, params=params, headers=headers, **kwargs)
  File "C:\Users\seun\anaconda3\lib\site-packages\elasticsearch\client\__init__.py", line 1627, in search
    body=body,
  File "C:\Users\seun\anaconda3\lib\site-packages\elasticsearch\transport.py", line 362, in perform_request
    timeout=timeout,
  File "C:\Users\seun\anaconda3\lib\site-packages\elasticsearch\connection\http_urllib3.py", line 240, in perform_request
    raise ConnectionTimeout("TIMEOUT", str(e), e)
elasticsearch.exceptions.ConnectionTimeout: ConnectionTimeout caused by - ReadTimeoutError(HTTPConnectionPool(host='144.167.35.89', port=9200): Read timed out. (read timeout=10))

Tue 06/16/2020-15:36:22.56 
------------------------------------END------------------------------------------ 
------------------------------------START------------------------------------------ 
Tue 06/16/2020-15:41:09.27 
STARTED AT - 2020-06-16T15:41:09.919776
Terms:   0%|          | 0/10 [00:00<?, ?it/s]here1
here2
here3
here4
stat 2
sql took  2.1932557
stat 2
(9237, 2)
here5
Terms:   0%|          | 0/10 [00:12<?, ?it/s]Traceback (most recent call last):
  File "C:\Users\seun\anaconda3\lib\site-packages\urllib3\connectionpool.py", line 421, in _make_request
    six.raise_from(e, None)
  File "<string>", line 3, in raise_from
  File "C:\Users\seun\anaconda3\lib\site-packages\urllib3\connectionpool.py", line 416, in _make_request
    httplib_response = conn.getresponse()
  File "C:\Users\seun\anaconda3\lib\http\client.py", line 1344, in getresponse
    response.begin()
  File "C:\Users\seun\anaconda3\lib\http\client.py", line 306, in begin
    version, status, reason = self._read_status()
  File "C:\Users\seun\anaconda3\lib\http\client.py", line 267, in _read_status
    line = str(self.fp.readline(_MAXLINE + 1), "iso-8859-1")
  File "C:\Users\seun\anaconda3\lib\socket.py", line 589, in readinto
    return self._sock.recv_into(b)
socket.timeout: timed out

During handling of the above exception, another exception occurred:

Traceback (most recent call last):
  File "C:\Users\seun\anaconda3\lib\site-packages\elasticsearch\connection\http_urllib3.py", line 229, in perform_request
    method, url, body, retries=Retry(False), headers=request_headers, **kw
  File "C:\Users\seun\anaconda3\lib\site-packages\urllib3\connectionpool.py", line 720, in urlopen
    method, url, error=e, _pool=self, _stacktrace=sys.exc_info()[2]
  File "C:\Users\seun\anaconda3\lib\site-packages\urllib3\util\retry.py", line 376, in increment
    raise six.reraise(type(error), error, _stacktrace)
  File "C:\Users\seun\anaconda3\lib\site-packages\urllib3\packages\six.py", line 735, in reraise
    raise value
  File "C:\Users\seun\anaconda3\lib\site-packages\urllib3\connectionpool.py", line 672, in urlopen
    chunked=chunked,
  File "C:\Users\seun\anaconda3\lib\site-packages\urllib3\connectionpool.py", line 423, in _make_request
    self._raise_timeout(err=e, url=url, timeout_value=read_timeout)
  File "C:\Users\seun\anaconda3\lib\site-packages\urllib3\connectionpool.py", line 331, in _raise_timeout
    self, url, "Read timed out. (read timeout=%s)" % timeout_value
urllib3.exceptions.ReadTimeoutError: HTTPConnectionPool(host='144.167.35.89', port=9200): Read timed out. (read timeout=10)

During handling of the above exception, another exception occurred:

Traceback (most recent call last):
  File "update_terms.py", line 13, in <module>
    testingKWT(tid, '144.167.35.89')
  File "C:\API\API_TTERMS.py", line 336, in testingKWT
    terms_result = getTopKWS(blog_ids, ip)
  File "C:\API\API_TTERMS.py", line 47, in getTopKWS
    body= body
  File "C:\Users\seun\anaconda3\lib\site-packages\elasticsearch\client\utils.py", line 92, in _wrapped
    return func(*args, params=params, headers=headers, **kwargs)
  File "C:\Users\seun\anaconda3\lib\site-packages\elasticsearch\client\__init__.py", line 1627, in search
    body=body,
  File "C:\Users\seun\anaconda3\lib\site-packages\elasticsearch\transport.py", line 362, in perform_request
    timeout=timeout,
  File "C:\Users\seun\anaconda3\lib\site-packages\elasticsearch\connection\http_urllib3.py", line 240, in perform_request
    raise ConnectionTimeout("TIMEOUT", str(e), e)
elasticsearch.exceptions.ConnectionTimeout: ConnectionTimeout caused by - ReadTimeoutError(HTTPConnectionPool(host='144.167.35.89', port=9200): Read timed out. (read timeout=10))

Tue 06/16/2020-15:41:22.44 
------------------------------------END------------------------------------------ 
------------------------------------START------------------------------------------ 
Tue 06/16/2020-15:46:09.28 
STARTED AT - 2020-06-16T15:46:09.958152
Terms:   0%|          | 0/10 [00:00<?, ?it/s]here1
here2
here3
here4
stat 2
sql took  2.4183644
stat 2
(9237, 2)
here5
Terms:   0%|          | 0/10 [00:12<?, ?it/s]Traceback (most recent call last):
  File "C:\Users\seun\anaconda3\lib\site-packages\urllib3\connectionpool.py", line 421, in _make_request
    six.raise_from(e, None)
  File "<string>", line 3, in raise_from
  File "C:\Users\seun\anaconda3\lib\site-packages\urllib3\connectionpool.py", line 416, in _make_request
    httplib_response = conn.getresponse()
  File "C:\Users\seun\anaconda3\lib\http\client.py", line 1344, in getresponse
    response.begin()
  File "C:\Users\seun\anaconda3\lib\http\client.py", line 306, in begin
    version, status, reason = self._read_status()
  File "C:\Users\seun\anaconda3\lib\http\client.py", line 267, in _read_status
    line = str(self.fp.readline(_MAXLINE + 1), "iso-8859-1")
  File "C:\Users\seun\anaconda3\lib\socket.py", line 589, in readinto
    return self._sock.recv_into(b)
socket.timeout: timed out

During handling of the above exception, another exception occurred:

Traceback (most recent call last):
  File "C:\Users\seun\anaconda3\lib\site-packages\elasticsearch\connection\http_urllib3.py", line 229, in perform_request
    method, url, body, retries=Retry(False), headers=request_headers, **kw
  File "C:\Users\seun\anaconda3\lib\site-packages\urllib3\connectionpool.py", line 720, in urlopen
    method, url, error=e, _pool=self, _stacktrace=sys.exc_info()[2]
  File "C:\Users\seun\anaconda3\lib\site-packages\urllib3\util\retry.py", line 376, in increment
    raise six.reraise(type(error), error, _stacktrace)
  File "C:\Users\seun\anaconda3\lib\site-packages\urllib3\packages\six.py", line 735, in reraise
    raise value
  File "C:\Users\seun\anaconda3\lib\site-packages\urllib3\connectionpool.py", line 672, in urlopen
    chunked=chunked,
  File "C:\Users\seun\anaconda3\lib\site-packages\urllib3\connectionpool.py", line 423, in _make_request
    self._raise_timeout(err=e, url=url, timeout_value=read_timeout)
  File "C:\Users\seun\anaconda3\lib\site-packages\urllib3\connectionpool.py", line 331, in _raise_timeout
    self, url, "Read timed out. (read timeout=%s)" % timeout_value
urllib3.exceptions.ReadTimeoutError: HTTPConnectionPool(host='144.167.35.89', port=9200): Read timed out. (read timeout=10)

During handling of the above exception, another exception occurred:

Traceback (most recent call last):
  File "update_terms.py", line 13, in <module>
    testingKWT(tid, '144.167.35.89')
  File "C:\API\API_TTERMS.py", line 336, in testingKWT
    terms_result = getTopKWS(blog_ids, ip)
  File "C:\API\API_TTERMS.py", line 47, in getTopKWS
    body= body
  File "C:\Users\seun\anaconda3\lib\site-packages\elasticsearch\client\utils.py", line 92, in _wrapped
    return func(*args, params=params, headers=headers, **kwargs)
  File "C:\Users\seun\anaconda3\lib\site-packages\elasticsearch\client\__init__.py", line 1627, in search
    body=body,
  File "C:\Users\seun\anaconda3\lib\site-packages\elasticsearch\transport.py", line 362, in perform_request
    timeout=timeout,
  File "C:\Users\seun\anaconda3\lib\site-packages\elasticsearch\connection\http_urllib3.py", line 240, in perform_request
    raise ConnectionTimeout("TIMEOUT", str(e), e)
elasticsearch.exceptions.ConnectionTimeout: ConnectionTimeout caused by - ReadTimeoutError(HTTPConnectionPool(host='144.167.35.89', port=9200): Read timed out. (read timeout=10))

Tue 06/16/2020-15:46:22.74 
------------------------------------END------------------------------------------ 
------------------------------------START------------------------------------------ 
Tue 06/16/2020-15:51:09.27 
STARTED AT - 2020-06-16T15:51:10.072292
Terms:   0%|          | 0/10 [00:00<?, ?it/s]here1
here2
here3
here4
stat 2
sql took  2.2814427999999998
stat 2
(9237, 2)
here5
Terms:   0%|          | 0/10 [00:12<?, ?it/s]Traceback (most recent call last):
  File "C:\Users\seun\anaconda3\lib\site-packages\urllib3\connectionpool.py", line 421, in _make_request
    six.raise_from(e, None)
  File "<string>", line 3, in raise_from
  File "C:\Users\seun\anaconda3\lib\site-packages\urllib3\connectionpool.py", line 416, in _make_request
    httplib_response = conn.getresponse()
  File "C:\Users\seun\anaconda3\lib\http\client.py", line 1344, in getresponse
    response.begin()
  File "C:\Users\seun\anaconda3\lib\http\client.py", line 306, in begin
    version, status, reason = self._read_status()
  File "C:\Users\seun\anaconda3\lib\http\client.py", line 267, in _read_status
    line = str(self.fp.readline(_MAXLINE + 1), "iso-8859-1")
  File "C:\Users\seun\anaconda3\lib\socket.py", line 589, in readinto
    return self._sock.recv_into(b)
socket.timeout: timed out

During handling of the above exception, another exception occurred:

Traceback (most recent call last):
  File "C:\Users\seun\anaconda3\lib\site-packages\elasticsearch\connection\http_urllib3.py", line 229, in perform_request
    method, url, body, retries=Retry(False), headers=request_headers, **kw
  File "C:\Users\seun\anaconda3\lib\site-packages\urllib3\connectionpool.py", line 720, in urlopen
    method, url, error=e, _pool=self, _stacktrace=sys.exc_info()[2]
  File "C:\Users\seun\anaconda3\lib\site-packages\urllib3\util\retry.py", line 376, in increment
    raise six.reraise(type(error), error, _stacktrace)
  File "C:\Users\seun\anaconda3\lib\site-packages\urllib3\packages\six.py", line 735, in reraise
    raise value
  File "C:\Users\seun\anaconda3\lib\site-packages\urllib3\connectionpool.py", line 672, in urlopen
    chunked=chunked,
  File "C:\Users\seun\anaconda3\lib\site-packages\urllib3\connectionpool.py", line 423, in _make_request
    self._raise_timeout(err=e, url=url, timeout_value=read_timeout)
  File "C:\Users\seun\anaconda3\lib\site-packages\urllib3\connectionpool.py", line 331, in _raise_timeout
    self, url, "Read timed out. (read timeout=%s)" % timeout_value
urllib3.exceptions.ReadTimeoutError: HTTPConnectionPool(host='144.167.35.89', port=9200): Read timed out. (read timeout=10)

During handling of the above exception, another exception occurred:

Traceback (most recent call last):
  File "update_terms.py", line 13, in <module>
    testingKWT(tid, '144.167.35.89')
  File "C:\API\API_TTERMS.py", line 336, in testingKWT
    terms_result = getTopKWS(blog_ids, ip)
  File "C:\API\API_TTERMS.py", line 47, in getTopKWS
    body= body
  File "C:\Users\seun\anaconda3\lib\site-packages\elasticsearch\client\utils.py", line 92, in _wrapped
    return func(*args, params=params, headers=headers, **kwargs)
  File "C:\Users\seun\anaconda3\lib\site-packages\elasticsearch\client\__init__.py", line 1627, in search
    body=body,
  File "C:\Users\seun\anaconda3\lib\site-packages\elasticsearch\transport.py", line 362, in perform_request
    timeout=timeout,
  File "C:\Users\seun\anaconda3\lib\site-packages\elasticsearch\connection\http_urllib3.py", line 240, in perform_request
    raise ConnectionTimeout("TIMEOUT", str(e), e)
elasticsearch.exceptions.ConnectionTimeout: ConnectionTimeout caused by - ReadTimeoutError(HTTPConnectionPool(host='144.167.35.89', port=9200): Read timed out. (read timeout=10))

Tue 06/16/2020-15:51:22.60 
------------------------------------END------------------------------------------ 
------------------------------------START------------------------------------------ 
Tue 06/16/2020-15:56:09.25 
STARTED AT - 2020-06-16T15:56:10.069000
Terms:   0%|          | 0/10 [00:00<?, ?it/s]here1
here2
here3
here4
stat 2
sql took  2.2326485
stat 2
(9237, 2)
here5
Terms:   0%|          | 0/10 [00:12<?, ?it/s]Traceback (most recent call last):
  File "C:\Users\seun\anaconda3\lib\site-packages\urllib3\connectionpool.py", line 421, in _make_request
    six.raise_from(e, None)
  File "<string>", line 3, in raise_from
  File "C:\Users\seun\anaconda3\lib\site-packages\urllib3\connectionpool.py", line 416, in _make_request
    httplib_response = conn.getresponse()
  File "C:\Users\seun\anaconda3\lib\http\client.py", line 1344, in getresponse
    response.begin()
  File "C:\Users\seun\anaconda3\lib\http\client.py", line 306, in begin
    version, status, reason = self._read_status()
  File "C:\Users\seun\anaconda3\lib\http\client.py", line 267, in _read_status
    line = str(self.fp.readline(_MAXLINE + 1), "iso-8859-1")
  File "C:\Users\seun\anaconda3\lib\socket.py", line 589, in readinto
    return self._sock.recv_into(b)
socket.timeout: timed out

During handling of the above exception, another exception occurred:

Traceback (most recent call last):
  File "C:\Users\seun\anaconda3\lib\site-packages\elasticsearch\connection\http_urllib3.py", line 229, in perform_request
    method, url, body, retries=Retry(False), headers=request_headers, **kw
  File "C:\Users\seun\anaconda3\lib\site-packages\urllib3\connectionpool.py", line 720, in urlopen
    method, url, error=e, _pool=self, _stacktrace=sys.exc_info()[2]
  File "C:\Users\seun\anaconda3\lib\site-packages\urllib3\util\retry.py", line 376, in increment
    raise six.reraise(type(error), error, _stacktrace)
  File "C:\Users\seun\anaconda3\lib\site-packages\urllib3\packages\six.py", line 735, in reraise
    raise value
  File "C:\Users\seun\anaconda3\lib\site-packages\urllib3\connectionpool.py", line 672, in urlopen
    chunked=chunked,
  File "C:\Users\seun\anaconda3\lib\site-packages\urllib3\connectionpool.py", line 423, in _make_request
    self._raise_timeout(err=e, url=url, timeout_value=read_timeout)
  File "C:\Users\seun\anaconda3\lib\site-packages\urllib3\connectionpool.py", line 331, in _raise_timeout
    self, url, "Read timed out. (read timeout=%s)" % timeout_value
urllib3.exceptions.ReadTimeoutError: HTTPConnectionPool(host='144.167.35.89', port=9200): Read timed out. (read timeout=10)

During handling of the above exception, another exception occurred:

Traceback (most recent call last):
  File "update_terms.py", line 13, in <module>
    testingKWT(tid, '144.167.35.89')
  File "C:\API\API_TTERMS.py", line 336, in testingKWT
    terms_result = getTopKWS(blog_ids, ip)
  File "C:\API\API_TTERMS.py", line 47, in getTopKWS
    body= body
  File "C:\Users\seun\anaconda3\lib\site-packages\elasticsearch\client\utils.py", line 92, in _wrapped
    return func(*args, params=params, headers=headers, **kwargs)
  File "C:\Users\seun\anaconda3\lib\site-packages\elasticsearch\client\__init__.py", line 1627, in search
    body=body,
  File "C:\Users\seun\anaconda3\lib\site-packages\elasticsearch\transport.py", line 362, in perform_request
    timeout=timeout,
  File "C:\Users\seun\anaconda3\lib\site-packages\elasticsearch\connection\http_urllib3.py", line 240, in perform_request
    raise ConnectionTimeout("TIMEOUT", str(e), e)
elasticsearch.exceptions.ConnectionTimeout: ConnectionTimeout caused by - ReadTimeoutError(HTTPConnectionPool(host='144.167.35.89', port=9200): Read timed out. (read timeout=10))

Tue 06/16/2020-15:56:22.57 
------------------------------------END------------------------------------------ 
------------------------------------START------------------------------------------ 
Tue 06/16/2020-16:01:09.26 
STARTED AT - 2020-06-16T16:01:09.890986
Terms:   0%|          | 0/10 [00:00<?, ?it/s]here1
here2
here3
here4
stat 2
sql took  2.3196985999999997
stat 2
(9237, 2)
here5
cores 24
stat 100
Terms:  10%|#         | 1/10 [00:15<02:16, 15.21s/it]here1
here2
here3
here4
stat 2
sql took  2.1361822000000004
stat 2
(8397, 2)
here5
cores 24
stat 100
Terms:  20%|##        | 2/10 [00:41<02:27, 18.50s/it]here1
here2
here3
here4
stat 2
sql took  3.5809859000000017
stat 2
(29854, 2)
here5
Terms:  20%|##        | 2/10 [00:55<03:41, 27.69s/it]stat 4
stat 8
stat 14
stat 18
stat 4
stat 8
stat 14
stat 18
stat 4
stat 10
stat 14
stat 18
stat 4
stat 10
stat 14
stat 18
stat 4
stat 10
stat 16
stat 18
stat 6
stat 12
stat 16
stat 18
stat 6
stat 12
stat 16
stat 20
stat 6
stat 12
stat 16
stat 20
stat 6
stat 12
stat 16
stat 20
stat 6
stat 12
stat 16
stat 22
stat 4
stat 8
stat 12
stat 16
stat 18
stat 22
stat 6
stat 12
stat 18
stat 22
stat 4
stat 8
stat 16
stat 20
stat 4
stat 8
stat 14
stat 20
stat 4
stat 8
stat 14
stat 20
stat 6
stat 10
stat 16
stat 20
stat 4
stat 10
stat 16
stat 20
stat 6
stat 10
stat 16
stat 20
stat 6
stat 10
stat 16
stat 22
stat 6
stat 10
stat 18
stat 22
stat 6
stat 10
stat 18
stat 22
stat 6
stat 10
stat 18
stat 24
stat 6
stat 10
stat 18
stat 24
stat 4
stat 8
stat 12
stat 16
stat 20
stat 24
Traceback (most recent call last):
  File "C:\Users\seun\anaconda3\lib\site-packages\urllib3\connectionpool.py", line 421, in _make_request
    six.raise_from(e, None)
  File "<string>", line 3, in raise_from
  File "C:\Users\seun\anaconda3\lib\site-packages\urllib3\connectionpool.py", line 416, in _make_request
    httplib_response = conn.getresponse()
  File "C:\Users\seun\anaconda3\lib\http\client.py", line 1344, in getresponse
    response.begin()
  File "C:\Users\seun\anaconda3\lib\http\client.py", line 306, in begin
    version, status, reason = self._read_status()
  File "C:\Users\seun\anaconda3\lib\http\client.py", line 267, in _read_status
    line = str(self.fp.readline(_MAXLINE + 1), "iso-8859-1")
  File "C:\Users\seun\anaconda3\lib\socket.py", line 589, in readinto
    return self._sock.recv_into(b)
socket.timeout: timed out

During handling of the above exception, another exception occurred:

Traceback (most recent call last):
  File "C:\Users\seun\anaconda3\lib\site-packages\elasticsearch\connection\http_urllib3.py", line 229, in perform_request
    method, url, body, retries=Retry(False), headers=request_headers, **kw
  File "C:\Users\seun\anaconda3\lib\site-packages\urllib3\connectionpool.py", line 720, in urlopen
    method, url, error=e, _pool=self, _stacktrace=sys.exc_info()[2]
  File "C:\Users\seun\anaconda3\lib\site-packages\urllib3\util\retry.py", line 376, in increment
    raise six.reraise(type(error), error, _stacktrace)
  File "C:\Users\seun\anaconda3\lib\site-packages\urllib3\packages\six.py", line 735, in reraise
    raise value
  File "C:\Users\seun\anaconda3\lib\site-packages\urllib3\connectionpool.py", line 672, in urlopen
    chunked=chunked,
  File "C:\Users\seun\anaconda3\lib\site-packages\urllib3\connectionpool.py", line 423, in _make_request
    self._raise_timeout(err=e, url=url, timeout_value=read_timeout)
  File "C:\Users\seun\anaconda3\lib\site-packages\urllib3\connectionpool.py", line 331, in _raise_timeout
    self, url, "Read timed out. (read timeout=%s)" % timeout_value
urllib3.exceptions.ReadTimeoutError: HTTPConnectionPool(host='144.167.35.89', port=9200): Read timed out. (read timeout=10)

During handling of the above exception, another exception occurred:

Traceback (most recent call last):
  File "update_terms.py", line 13, in <module>
    testingKWT(tid, '144.167.35.89')
  File "C:\API\API_TTERMS.py", line 336, in testingKWT
    terms_result = getTopKWS(blog_ids, ip)
  File "C:\API\API_TTERMS.py", line 47, in getTopKWS
    body= body
  File "C:\Users\seun\anaconda3\lib\site-packages\elasticsearch\client\utils.py", line 92, in _wrapped
    return func(*args, params=params, headers=headers, **kwargs)
  File "C:\Users\seun\anaconda3\lib\site-packages\elasticsearch\client\__init__.py", line 1627, in search
    body=body,
  File "C:\Users\seun\anaconda3\lib\site-packages\elasticsearch\transport.py", line 362, in perform_request
    timeout=timeout,
  File "C:\Users\seun\anaconda3\lib\site-packages\elasticsearch\connection\http_urllib3.py", line 240, in perform_request
    raise ConnectionTimeout("TIMEOUT", str(e), e)
elasticsearch.exceptions.ConnectionTimeout: ConnectionTimeout caused by - ReadTimeoutError(HTTPConnectionPool(host='144.167.35.89', port=9200): Read timed out. (read timeout=10))

Tue 06/16/2020-16:02:05.59 
------------------------------------END------------------------------------------ 
------------------------------------START------------------------------------------ 
Tue 06/16/2020-16:06:09.26 
STARTED AT - 2020-06-16T16:06:09.885496
Terms:   0%|          | 0/10 [00:00<?, ?it/s]here1
here2
here3
here4
stat 2
sql took  3.3370222
stat 2
(29854, 2)
here5
Terms:   0%|          | 0/10 [00:13<?, ?it/s]Traceback (most recent call last):
  File "C:\Users\seun\anaconda3\lib\site-packages\urllib3\connectionpool.py", line 421, in _make_request
    six.raise_from(e, None)
  File "<string>", line 3, in raise_from
  File "C:\Users\seun\anaconda3\lib\site-packages\urllib3\connectionpool.py", line 416, in _make_request
    httplib_response = conn.getresponse()
  File "C:\Users\seun\anaconda3\lib\http\client.py", line 1344, in getresponse
    response.begin()
  File "C:\Users\seun\anaconda3\lib\http\client.py", line 306, in begin
    version, status, reason = self._read_status()
  File "C:\Users\seun\anaconda3\lib\http\client.py", line 267, in _read_status
    line = str(self.fp.readline(_MAXLINE + 1), "iso-8859-1")
  File "C:\Users\seun\anaconda3\lib\socket.py", line 589, in readinto
    return self._sock.recv_into(b)
socket.timeout: timed out

During handling of the above exception, another exception occurred:

Traceback (most recent call last):
  File "C:\Users\seun\anaconda3\lib\site-packages\elasticsearch\connection\http_urllib3.py", line 229, in perform_request
    method, url, body, retries=Retry(False), headers=request_headers, **kw
  File "C:\Users\seun\anaconda3\lib\site-packages\urllib3\connectionpool.py", line 720, in urlopen
    method, url, error=e, _pool=self, _stacktrace=sys.exc_info()[2]
  File "C:\Users\seun\anaconda3\lib\site-packages\urllib3\util\retry.py", line 376, in increment
    raise six.reraise(type(error), error, _stacktrace)
  File "C:\Users\seun\anaconda3\lib\site-packages\urllib3\packages\six.py", line 735, in reraise
    raise value
  File "C:\Users\seun\anaconda3\lib\site-packages\urllib3\connectionpool.py", line 672, in urlopen
    chunked=chunked,
  File "C:\Users\seun\anaconda3\lib\site-packages\urllib3\connectionpool.py", line 423, in _make_request
    self._raise_timeout(err=e, url=url, timeout_value=read_timeout)
  File "C:\Users\seun\anaconda3\lib\site-packages\urllib3\connectionpool.py", line 331, in _raise_timeout
    self, url, "Read timed out. (read timeout=%s)" % timeout_value
urllib3.exceptions.ReadTimeoutError: HTTPConnectionPool(host='144.167.35.89', port=9200): Read timed out. (read timeout=10)

During handling of the above exception, another exception occurred:

Traceback (most recent call last):
  File "update_terms.py", line 13, in <module>
    testingKWT(tid, '144.167.35.89')
  File "C:\API\API_TTERMS.py", line 336, in testingKWT
    terms_result = getTopKWS(blog_ids, ip)
  File "C:\API\API_TTERMS.py", line 47, in getTopKWS
    body= body
  File "C:\Users\seun\anaconda3\lib\site-packages\elasticsearch\client\utils.py", line 92, in _wrapped
    return func(*args, params=params, headers=headers, **kwargs)
  File "C:\Users\seun\anaconda3\lib\site-packages\elasticsearch\client\__init__.py", line 1627, in search
    body=body,
  File "C:\Users\seun\anaconda3\lib\site-packages\elasticsearch\transport.py", line 362, in perform_request
    timeout=timeout,
  File "C:\Users\seun\anaconda3\lib\site-packages\elasticsearch\connection\http_urllib3.py", line 240, in perform_request
    raise ConnectionTimeout("TIMEOUT", str(e), e)
elasticsearch.exceptions.ConnectionTimeout: ConnectionTimeout caused by - ReadTimeoutError(HTTPConnectionPool(host='144.167.35.89', port=9200): Read timed out. (read timeout=10))

Tue 06/16/2020-16:06:23.48 
------------------------------------END------------------------------------------ 
------------------------------------START------------------------------------------ 
Tue 06/16/2020-16:11:09.26 
STARTED AT - 2020-06-16T16:11:09.908497
Terms:   0%|          | 0/10 [00:00<?, ?it/s]here1
here2
here3
here4
stat 2
sql took  3.3745705
stat 2
(29854, 2)
here5
Terms:   0%|          | 0/10 [00:13<?, ?it/s]Traceback (most recent call last):
  File "C:\Users\seun\anaconda3\lib\site-packages\urllib3\connectionpool.py", line 421, in _make_request
    six.raise_from(e, None)
  File "<string>", line 3, in raise_from
  File "C:\Users\seun\anaconda3\lib\site-packages\urllib3\connectionpool.py", line 416, in _make_request
    httplib_response = conn.getresponse()
  File "C:\Users\seun\anaconda3\lib\http\client.py", line 1344, in getresponse
    response.begin()
  File "C:\Users\seun\anaconda3\lib\http\client.py", line 306, in begin
    version, status, reason = self._read_status()
  File "C:\Users\seun\anaconda3\lib\http\client.py", line 267, in _read_status
    line = str(self.fp.readline(_MAXLINE + 1), "iso-8859-1")
  File "C:\Users\seun\anaconda3\lib\socket.py", line 589, in readinto
    return self._sock.recv_into(b)
socket.timeout: timed out

During handling of the above exception, another exception occurred:

Traceback (most recent call last):
  File "C:\Users\seun\anaconda3\lib\site-packages\elasticsearch\connection\http_urllib3.py", line 229, in perform_request
    method, url, body, retries=Retry(False), headers=request_headers, **kw
  File "C:\Users\seun\anaconda3\lib\site-packages\urllib3\connectionpool.py", line 720, in urlopen
    method, url, error=e, _pool=self, _stacktrace=sys.exc_info()[2]
  File "C:\Users\seun\anaconda3\lib\site-packages\urllib3\util\retry.py", line 376, in increment
    raise six.reraise(type(error), error, _stacktrace)
  File "C:\Users\seun\anaconda3\lib\site-packages\urllib3\packages\six.py", line 735, in reraise
    raise value
  File "C:\Users\seun\anaconda3\lib\site-packages\urllib3\connectionpool.py", line 672, in urlopen
    chunked=chunked,
  File "C:\Users\seun\anaconda3\lib\site-packages\urllib3\connectionpool.py", line 423, in _make_request
    self._raise_timeout(err=e, url=url, timeout_value=read_timeout)
  File "C:\Users\seun\anaconda3\lib\site-packages\urllib3\connectionpool.py", line 331, in _raise_timeout
    self, url, "Read timed out. (read timeout=%s)" % timeout_value
urllib3.exceptions.ReadTimeoutError: HTTPConnectionPool(host='144.167.35.89', port=9200): Read timed out. (read timeout=10)

During handling of the above exception, another exception occurred:

Traceback (most recent call last):
  File "update_terms.py", line 13, in <module>
    testingKWT(tid, '144.167.35.89')
  File "C:\API\API_TTERMS.py", line 336, in testingKWT
    terms_result = getTopKWS(blog_ids, ip)
  File "C:\API\API_TTERMS.py", line 47, in getTopKWS
    body= body
  File "C:\Users\seun\anaconda3\lib\site-packages\elasticsearch\client\utils.py", line 92, in _wrapped
    return func(*args, params=params, headers=headers, **kwargs)
  File "C:\Users\seun\anaconda3\lib\site-packages\elasticsearch\client\__init__.py", line 1627, in search
    body=body,
  File "C:\Users\seun\anaconda3\lib\site-packages\elasticsearch\transport.py", line 362, in perform_request
    timeout=timeout,
  File "C:\Users\seun\anaconda3\lib\site-packages\elasticsearch\connection\http_urllib3.py", line 240, in perform_request
    raise ConnectionTimeout("TIMEOUT", str(e), e)
elasticsearch.exceptions.ConnectionTimeout: ConnectionTimeout caused by - ReadTimeoutError(HTTPConnectionPool(host='144.167.35.89', port=9200): Read timed out. (read timeout=10))

Tue 06/16/2020-16:11:23.57 
------------------------------------END------------------------------------------ 
------------------------------------START------------------------------------------ 
Tue 06/16/2020-16:16:09.28 
STARTED AT - 2020-06-16T16:16:09.916776
Terms:   0%|          | 0/10 [00:00<?, ?it/s]here1
here2
here3
here4
stat 2
sql took  3.4351934
stat 2
(29854, 2)
here5
Terms:   0%|          | 0/10 [00:13<?, ?it/s]Traceback (most recent call last):
  File "C:\Users\seun\anaconda3\lib\site-packages\urllib3\connectionpool.py", line 421, in _make_request
    six.raise_from(e, None)
  File "<string>", line 3, in raise_from
  File "C:\Users\seun\anaconda3\lib\site-packages\urllib3\connectionpool.py", line 416, in _make_request
    httplib_response = conn.getresponse()
  File "C:\Users\seun\anaconda3\lib\http\client.py", line 1344, in getresponse
    response.begin()
  File "C:\Users\seun\anaconda3\lib\http\client.py", line 306, in begin
    version, status, reason = self._read_status()
  File "C:\Users\seun\anaconda3\lib\http\client.py", line 267, in _read_status
    line = str(self.fp.readline(_MAXLINE + 1), "iso-8859-1")
  File "C:\Users\seun\anaconda3\lib\socket.py", line 589, in readinto
    return self._sock.recv_into(b)
socket.timeout: timed out

During handling of the above exception, another exception occurred:

Traceback (most recent call last):
  File "C:\Users\seun\anaconda3\lib\site-packages\elasticsearch\connection\http_urllib3.py", line 229, in perform_request
    method, url, body, retries=Retry(False), headers=request_headers, **kw
  File "C:\Users\seun\anaconda3\lib\site-packages\urllib3\connectionpool.py", line 720, in urlopen
    method, url, error=e, _pool=self, _stacktrace=sys.exc_info()[2]
  File "C:\Users\seun\anaconda3\lib\site-packages\urllib3\util\retry.py", line 376, in increment
    raise six.reraise(type(error), error, _stacktrace)
  File "C:\Users\seun\anaconda3\lib\site-packages\urllib3\packages\six.py", line 735, in reraise
    raise value
  File "C:\Users\seun\anaconda3\lib\site-packages\urllib3\connectionpool.py", line 672, in urlopen
    chunked=chunked,
  File "C:\Users\seun\anaconda3\lib\site-packages\urllib3\connectionpool.py", line 423, in _make_request
    self._raise_timeout(err=e, url=url, timeout_value=read_timeout)
  File "C:\Users\seun\anaconda3\lib\site-packages\urllib3\connectionpool.py", line 331, in _raise_timeout
    self, url, "Read timed out. (read timeout=%s)" % timeout_value
urllib3.exceptions.ReadTimeoutError: HTTPConnectionPool(host='144.167.35.89', port=9200): Read timed out. (read timeout=10)

During handling of the above exception, another exception occurred:

Traceback (most recent call last):
  File "update_terms.py", line 13, in <module>
    testingKWT(tid, '144.167.35.89')
  File "C:\API\API_TTERMS.py", line 336, in testingKWT
    terms_result = getTopKWS(blog_ids, ip)
  File "C:\API\API_TTERMS.py", line 47, in getTopKWS
    body= body
  File "C:\Users\seun\anaconda3\lib\site-packages\elasticsearch\client\utils.py", line 92, in _wrapped
    return func(*args, params=params, headers=headers, **kwargs)
  File "C:\Users\seun\anaconda3\lib\site-packages\elasticsearch\client\__init__.py", line 1627, in search
    body=body,
  File "C:\Users\seun\anaconda3\lib\site-packages\elasticsearch\transport.py", line 362, in perform_request
    timeout=timeout,
  File "C:\Users\seun\anaconda3\lib\site-packages\elasticsearch\connection\http_urllib3.py", line 240, in perform_request
    raise ConnectionTimeout("TIMEOUT", str(e), e)
elasticsearch.exceptions.ConnectionTimeout: ConnectionTimeout caused by - ReadTimeoutError(HTTPConnectionPool(host='144.167.35.89', port=9200): Read timed out. (read timeout=10))

Tue 06/16/2020-16:16:23.62 
------------------------------------END------------------------------------------ 
------------------------------------START------------------------------------------ 
Tue 06/16/2020-16:21:09.26 
STARTED AT - 2020-06-16T16:21:09.930639
Terms:   0%|          | 0/10 [00:00<?, ?it/s]here1
here2
here3
here4
stat 2
sql took  3.3012917
stat 2
(29854, 2)
here5
cores 24
stat 100
Terms:  10%|#         | 1/10 [00:28<04:13, 28.21s/it]here1
here2
here3
here4
stat 2
sql took  2.162460900000003
stat 2
(13962, 2)
here5
Terms:  10%|#         | 1/10 [00:40<06:05, 40.60s/it]stat 6
stat 14
stat 24
stat 32
stat 10
stat 16
stat 26
stat 34
stat 8
stat 14
stat 24
stat 34
stat 6
stat 16
stat 28
stat 36
stat 6
stat 16
stat 28
stat 36
stat 12
stat 18
stat 30
stat 38
stat 12
stat 20
stat 30
stat 38
stat 10
stat 16
stat 32
stat 38
stat 14
stat 20
stat 32
stat 40
stat 12
stat 20
stat 34
stat 40
stat 14
stat 22
stat 32
stat 40
stat 4
stat 12
stat 20
stat 30
stat 38
stat 42
Traceback (most recent call last):
  File "C:\Users\seun\anaconda3\lib\site-packages\urllib3\connectionpool.py", line 421, in _make_request
    six.raise_from(e, None)
  File "<string>", line 3, in raise_from
  File "C:\Users\seun\anaconda3\lib\site-packages\urllib3\connectionpool.py", line 416, in _make_request
    httplib_response = conn.getresponse()
  File "C:\Users\seun\anaconda3\lib\http\client.py", line 1344, in getresponse
    response.begin()
  File "C:\Users\seun\anaconda3\lib\http\client.py", line 306, in begin
    version, status, reason = self._read_status()
  File "C:\Users\seun\anaconda3\lib\http\client.py", line 267, in _read_status
    line = str(self.fp.readline(_MAXLINE + 1), "iso-8859-1")
  File "C:\Users\seun\anaconda3\lib\socket.py", line 589, in readinto
    return self._sock.recv_into(b)
socket.timeout: timed out

During handling of the above exception, another exception occurred:

Traceback (most recent call last):
  File "C:\Users\seun\anaconda3\lib\site-packages\elasticsearch\connection\http_urllib3.py", line 229, in perform_request
    method, url, body, retries=Retry(False), headers=request_headers, **kw
  File "C:\Users\seun\anaconda3\lib\site-packages\urllib3\connectionpool.py", line 720, in urlopen
    method, url, error=e, _pool=self, _stacktrace=sys.exc_info()[2]
  File "C:\Users\seun\anaconda3\lib\site-packages\urllib3\util\retry.py", line 376, in increment
    raise six.reraise(type(error), error, _stacktrace)
  File "C:\Users\seun\anaconda3\lib\site-packages\urllib3\packages\six.py", line 735, in reraise
    raise value
  File "C:\Users\seun\anaconda3\lib\site-packages\urllib3\connectionpool.py", line 672, in urlopen
    chunked=chunked,
  File "C:\Users\seun\anaconda3\lib\site-packages\urllib3\connectionpool.py", line 423, in _make_request
    self._raise_timeout(err=e, url=url, timeout_value=read_timeout)
  File "C:\Users\seun\anaconda3\lib\site-packages\urllib3\connectionpool.py", line 331, in _raise_timeout
    self, url, "Read timed out. (read timeout=%s)" % timeout_value
urllib3.exceptions.ReadTimeoutError: HTTPConnectionPool(host='144.167.35.89', port=9200): Read timed out. (read timeout=10)

During handling of the above exception, another exception occurred:

Traceback (most recent call last):
  File "update_terms.py", line 13, in <module>
    testingKWT(tid, '144.167.35.89')
  File "C:\API\API_TTERMS.py", line 336, in testingKWT
    terms_result = getTopKWS(blog_ids, ip)
  File "C:\API\API_TTERMS.py", line 47, in getTopKWS
    body= body
  File "C:\Users\seun\anaconda3\lib\site-packages\elasticsearch\client\utils.py", line 92, in _wrapped
    return func(*args, params=params, headers=headers, **kwargs)
  File "C:\Users\seun\anaconda3\lib\site-packages\elasticsearch\client\__init__.py", line 1627, in search
    body=body,
  File "C:\Users\seun\anaconda3\lib\site-packages\elasticsearch\transport.py", line 362, in perform_request
    timeout=timeout,
  File "C:\Users\seun\anaconda3\lib\site-packages\elasticsearch\connection\http_urllib3.py", line 240, in perform_request
    raise ConnectionTimeout("TIMEOUT", str(e), e)
elasticsearch.exceptions.ConnectionTimeout: ConnectionTimeout caused by - ReadTimeoutError(HTTPConnectionPool(host='144.167.35.89', port=9200): Read timed out. (read timeout=10))

Tue 06/16/2020-16:21:50.81 
------------------------------------END------------------------------------------ 
------------------------------------START------------------------------------------ 
Tue 06/16/2020-16:26:09.27 
STARTED AT - 2020-06-16T16:26:09.954199
Terms:   0%|          | 0/10 [00:00<?, ?it/s]here1
here2
here3
here4
stat 2
sql took  2.0257047
stat 2
(13962, 2)
here5
cores 24
stat 100
Terms:  10%|#         | 1/10 [00:15<02:23, 15.90s/it]here1
here2
here3
here4
stat 2
sql took  1.602557000000001
stat 2
(40, 2)
here5
Terms:  10%|#         | 1/10 [00:27<04:09, 27.72s/it]stat 4
stat 8
stat 12
stat 16
stat 4
stat 8
stat 12
stat 16
stat 4
stat 8
stat 14
stat 18
stat 6
stat 8
stat 14
stat 18
stat 4
stat 8
stat 12
stat 18
stat 6
stat 8
stat 14
stat 18
stat 6
stat 8
stat 14
stat 18
stat 6
stat 10
stat 16
stat 20
stat 6
stat 10
stat 16
stat 22
stat 6
stat 10
stat 16
stat 22
stat 6
stat 10
stat 16
stat 22
stat 4
stat 8
stat 12
stat 16
stat 22
stat 24
Traceback (most recent call last):
  File "C:\Users\seun\anaconda3\lib\site-packages\urllib3\connectionpool.py", line 421, in _make_request
    six.raise_from(e, None)
  File "<string>", line 3, in raise_from
  File "C:\Users\seun\anaconda3\lib\site-packages\urllib3\connectionpool.py", line 416, in _make_request
    httplib_response = conn.getresponse()
  File "C:\Users\seun\anaconda3\lib\http\client.py", line 1344, in getresponse
    response.begin()
  File "C:\Users\seun\anaconda3\lib\http\client.py", line 306, in begin
    version, status, reason = self._read_status()
  File "C:\Users\seun\anaconda3\lib\http\client.py", line 267, in _read_status
    line = str(self.fp.readline(_MAXLINE + 1), "iso-8859-1")
  File "C:\Users\seun\anaconda3\lib\socket.py", line 589, in readinto
    return self._sock.recv_into(b)
socket.timeout: timed out

During handling of the above exception, another exception occurred:

Traceback (most recent call last):
  File "C:\Users\seun\anaconda3\lib\site-packages\elasticsearch\connection\http_urllib3.py", line 229, in perform_request
    method, url, body, retries=Retry(False), headers=request_headers, **kw
  File "C:\Users\seun\anaconda3\lib\site-packages\urllib3\connectionpool.py", line 720, in urlopen
    method, url, error=e, _pool=self, _stacktrace=sys.exc_info()[2]
  File "C:\Users\seun\anaconda3\lib\site-packages\urllib3\util\retry.py", line 376, in increment
    raise six.reraise(type(error), error, _stacktrace)
  File "C:\Users\seun\anaconda3\lib\site-packages\urllib3\packages\six.py", line 735, in reraise
    raise value
  File "C:\Users\seun\anaconda3\lib\site-packages\urllib3\connectionpool.py", line 672, in urlopen
    chunked=chunked,
  File "C:\Users\seun\anaconda3\lib\site-packages\urllib3\connectionpool.py", line 423, in _make_request
    self._raise_timeout(err=e, url=url, timeout_value=read_timeout)
  File "C:\Users\seun\anaconda3\lib\site-packages\urllib3\connectionpool.py", line 331, in _raise_timeout
    self, url, "Read timed out. (read timeout=%s)" % timeout_value
urllib3.exceptions.ReadTimeoutError: HTTPConnectionPool(host='144.167.35.89', port=9200): Read timed out. (read timeout=10)

During handling of the above exception, another exception occurred:

Traceback (most recent call last):
  File "update_terms.py", line 13, in <module>
    testingKWT(tid, '144.167.35.89')
  File "C:\API\API_TTERMS.py", line 336, in testingKWT
    terms_result = getTopKWS(blog_ids, ip)
  File "C:\API\API_TTERMS.py", line 47, in getTopKWS
    body= body
  File "C:\Users\seun\anaconda3\lib\site-packages\elasticsearch\client\utils.py", line 92, in _wrapped
    return func(*args, params=params, headers=headers, **kwargs)
  File "C:\Users\seun\anaconda3\lib\site-packages\elasticsearch\client\__init__.py", line 1627, in search
    body=body,
  File "C:\Users\seun\anaconda3\lib\site-packages\elasticsearch\transport.py", line 362, in perform_request
    timeout=timeout,
  File "C:\Users\seun\anaconda3\lib\site-packages\elasticsearch\connection\http_urllib3.py", line 240, in perform_request
    raise ConnectionTimeout("TIMEOUT", str(e), e)
elasticsearch.exceptions.ConnectionTimeout: ConnectionTimeout caused by - ReadTimeoutError(HTTPConnectionPool(host='144.167.35.89', port=9200): Read timed out. (read timeout=10))

Tue 06/16/2020-16:26:37.92 
------------------------------------END------------------------------------------ 
------------------------------------START------------------------------------------ 
Tue 06/16/2020-16:31:09.27 
STARTED AT - 2020-06-16T16:31:09.935058
Terms:   0%|          | 0/10 [00:00<?, ?it/s]here1
here2
here3
here4
stat 2
sql took  1.4270432000000002
stat 2
(40, 2)
here5
cores 24
stat 100
Terms:  10%|#         | 1/10 [00:10<01:32, 10.23s/it]here1
here2
here3
here4
stat 2
sql took  1.4894656000000008
stat 2
(1297, 2)
here5
cores 24
stat 100
Terms:  20%|##        | 2/10 [00:21<01:25, 10.63s/it]here1
here2
here3
here4
stat 2
sql took  1.699777300000001
stat 2
(1115, 2)
here5
Terms:  20%|##        | 2/10 [00:34<02:19, 17.43s/it]stat 4
stat 6
stat 8
stat 10
stat 4
stat 6
stat 8
stat 10
stat 4
stat 6
stat 8
stat 10
stat 4
stat 6
stat 8
stat 10
stat 4
stat 6
stat 8
stat 10
stat 4
stat 6
stat 8
stat 10
stat 4
stat 6
stat 8
stat 10
stat 4
stat 6
stat 8
stat 10
stat 4
stat 6
stat 8
stat 10
stat 4
stat 6
stat 8
stat 10
stat 4
stat 6
stat 8
stat 10
stat 4
stat 6
stat 8
stat 10
stat 12
stat 14
stat 4
stat 8
stat 10
stat 12
stat 4
stat 8
stat 10
stat 12
stat 4
stat 8
stat 10
stat 12
stat 4
stat 8
stat 10
stat 14
stat 4
stat 8
stat 10
stat 14
stat 4
stat 8
stat 10
stat 14
stat 4
stat 8
stat 10
stat 14
stat 4
stat 8
stat 10
stat 14
stat 4
stat 8
stat 10
stat 14
stat 4
stat 8
stat 10
stat 14
stat 6
stat 8
stat 12
stat 14
stat 4
stat 6
stat 10
stat 12
stat 16
stat 18
Traceback (most recent call last):
  File "C:\Users\seun\anaconda3\lib\site-packages\urllib3\connectionpool.py", line 421, in _make_request
    six.raise_from(e, None)
  File "<string>", line 3, in raise_from
  File "C:\Users\seun\anaconda3\lib\site-packages\urllib3\connectionpool.py", line 416, in _make_request
    httplib_response = conn.getresponse()
  File "C:\Users\seun\anaconda3\lib\http\client.py", line 1344, in getresponse
    response.begin()
  File "C:\Users\seun\anaconda3\lib\http\client.py", line 306, in begin
    version, status, reason = self._read_status()
  File "C:\Users\seun\anaconda3\lib\http\client.py", line 267, in _read_status
    line = str(self.fp.readline(_MAXLINE + 1), "iso-8859-1")
  File "C:\Users\seun\anaconda3\lib\socket.py", line 589, in readinto
    return self._sock.recv_into(b)
socket.timeout: timed out

During handling of the above exception, another exception occurred:

Traceback (most recent call last):
  File "C:\Users\seun\anaconda3\lib\site-packages\elasticsearch\connection\http_urllib3.py", line 229, in perform_request
    method, url, body, retries=Retry(False), headers=request_headers, **kw
  File "C:\Users\seun\anaconda3\lib\site-packages\urllib3\connectionpool.py", line 720, in urlopen
    method, url, error=e, _pool=self, _stacktrace=sys.exc_info()[2]
  File "C:\Users\seun\anaconda3\lib\site-packages\urllib3\util\retry.py", line 376, in increment
    raise six.reraise(type(error), error, _stacktrace)
  File "C:\Users\seun\anaconda3\lib\site-packages\urllib3\packages\six.py", line 735, in reraise
    raise value
  File "C:\Users\seun\anaconda3\lib\site-packages\urllib3\connectionpool.py", line 672, in urlopen
    chunked=chunked,
  File "C:\Users\seun\anaconda3\lib\site-packages\urllib3\connectionpool.py", line 423, in _make_request
    self._raise_timeout(err=e, url=url, timeout_value=read_timeout)
  File "C:\Users\seun\anaconda3\lib\site-packages\urllib3\connectionpool.py", line 331, in _raise_timeout
    self, url, "Read timed out. (read timeout=%s)" % timeout_value
urllib3.exceptions.ReadTimeoutError: HTTPConnectionPool(host='144.167.35.89', port=9200): Read timed out. (read timeout=10)

During handling of the above exception, another exception occurred:

Traceback (most recent call last):
  File "update_terms.py", line 13, in <module>
    testingKWT(tid, '144.167.35.89')
  File "C:\API\API_TTERMS.py", line 336, in testingKWT
    terms_result = getTopKWS(blog_ids, ip)
  File "C:\API\API_TTERMS.py", line 47, in getTopKWS
    body= body
  File "C:\Users\seun\anaconda3\lib\site-packages\elasticsearch\client\utils.py", line 92, in _wrapped
    return func(*args, params=params, headers=headers, **kwargs)
  File "C:\Users\seun\anaconda3\lib\site-packages\elasticsearch\client\__init__.py", line 1627, in search
    body=body,
  File "C:\Users\seun\anaconda3\lib\site-packages\elasticsearch\transport.py", line 362, in perform_request
    timeout=timeout,
  File "C:\Users\seun\anaconda3\lib\site-packages\elasticsearch\connection\http_urllib3.py", line 240, in perform_request
    raise ConnectionTimeout("TIMEOUT", str(e), e)
elasticsearch.exceptions.ConnectionTimeout: ConnectionTimeout caused by - ReadTimeoutError(HTTPConnectionPool(host='144.167.35.89', port=9200): Read timed out. (read timeout=10))

Tue 06/16/2020-16:31:45.19 
------------------------------------END------------------------------------------ 
------------------------------------START------------------------------------------ 
Tue 06/16/2020-16:36:09.26 
STARTED AT - 2020-06-16T16:36:09.985839
Terms:   0%|          | 0/10 [00:00<?, ?it/s]here1
here2
here3
here4
stat 2
sql took  1.6468876
stat 2
(1115, 2)
here5
cores 24
stat 100
Terms:  10%|#         | 1/10 [00:15<02:17, 15.32s/it]here1
here2
here3
here4
stat 2
sql took  4.393181299999998
stat 2
(26540, 2)
here5
cores 24
stat 100
Terms:  20%|##        | 2/10 [00:53<02:56, 22.07s/it]here1
here2
here3
here4
stat 2
sql took  5.785721199999998
stat 2
(54588, 2)
here5
cores 24
stat 100
Terms:  30%|###       | 3/10 [01:42<03:32, 30.29s/it]here1
here2
here3
here4
stat 2
sql took  2.719772599999999
stat 2
(10746, 2)
here5
cores 24
stat 100
Terms:  40%|####      | 4/10 [02:06<02:49, 28.24s/it]here1
here2
here3
here4
stat 2
sql took  1.9422330999999957
stat 2
(8711, 2)
here5
cores 24
stat 100
Terms:  50%|#####     | 5/10 [02:18<01:57, 23.52s/it]here1
here2
here3
here4
stat 2
sql took  1.553795100000002
stat 2
(1828, 2)
here5
cores 24
stat 100
Terms:  60%|######    | 6/10 [02:30<01:20, 20.14s/it]here1
here2
here3
here4
stat 2
sql took  1.7908842999999877
stat 2
(2599, 2)
here5
cores 24
stat 100
Terms:  70%|#######   | 7/10 [02:46<00:55, 18.65s/it]here1
here2
here3
here4
stat 2
sql took  2.6460190999999895
stat 2
(11128, 2)
here5
cores 24
stat 100
Terms:  80%|########  | 8/10 [03:08<00:39, 19.83s/it]here1
here2
here3
here4
stat 2
sql took  1.9556448999999816
stat 2
(6960, 2)
here5
cores 24
stat 100
Terms:  90%|######### | 9/10 [03:24<00:18, 18.66s/it]here1
here2
here3
here4
stat 2
sql took  3.61889690000001
stat 2
(26402, 2)
here5
cores 24
stat 100
Terms: 100%|##########| 10/10 [03:55<00:00, 22.35s/it]Terms: 100%|##########| 10/10 [03:55<00:00, 23.55s/it]
ENDED AT - 2020-06-16T16:40:05.488946
stat 8
stat 14
stat 20
stat 28
stat 6
stat 12
stat 20
stat 28
stat 10
stat 16
stat 22
stat 34
stat 10
stat 16
stat 22
stat 34
stat 10
stat 16
stat 24
stat 36
stat 10
stat 16
stat 26
stat 38
stat 12
stat 18
stat 30
stat 38
stat 10
stat 16
stat 28
stat 38
stat 12
stat 18
stat 30
stat 38
stat 12
stat 18
stat 32
stat 40
stat 12
stat 18
stat 32
stat 40
stat 4
stat 10
stat 18
stat 26
stat 38
stat 42
stat 4
stat 12
stat 16
stat 20
stat 4
stat 12
stat 16
stat 20
stat 4
stat 10
stat 16
stat 20
stat 4
stat 8
stat 14
stat 20
stat 4
stat 12
stat 18
stat 22
stat 4
stat 14
stat 20
stat 24
stat 4
stat 14
stat 20
stat 24
stat 6
stat 14
stat 20
stat 24
stat 6
stat 14
stat 20
stat 24
stat 4
stat 14
stat 20
stat 24
stat 6
stat 14
stat 20
stat 24
stat 4
stat 12
stat 16
stat 20
stat 24
stat 26
stat 8
stat 12
stat 18
stat 24
stat 4
stat 10
stat 16
stat 24
stat 8
stat 12
stat 18
stat 24
stat 6
stat 10
stat 18
stat 24
stat 8
stat 14
stat 20
stat 24
stat 8
stat 14
stat 20
stat 26
stat 8
stat 14
stat 20
stat 26
stat 10
stat 16
stat 22
stat 26
stat 10
stat 16
stat 24
stat 28
stat 10
stat 16
stat 24
stat 32
stat 4
stat 10
stat 18
stat 24
stat 30
stat 32
stat 8
stat 16
stat 24
stat 32
stat 4
stat 10
stat 14
stat 18
stat 4
stat 10
stat 14
stat 18
stat 4
stat 10
stat 14
stat 18
stat 6
stat 10
stat 16
stat 20
stat 4
stat 10
stat 16
stat 20
stat 4
stat 10
stat 16
stat 20
stat 4
stat 10
stat 16
stat 20
stat 6
stat 12
stat 18
stat 22
stat 6
stat 12
stat 18
stat 22
stat 4
stat 12
stat 18
stat 22
stat 4
stat 12
stat 18
stat 22
stat 4
stat 8
stat 12
stat 18
stat 22
stat 24
stat 4
stat 8
stat 14
stat 16
stat 6
stat 10
stat 14
stat 18
stat 4
stat 8
stat 14
stat 18
stat 4
stat 8
stat 14
stat 18
stat 4
stat 8
stat 14
stat 18
stat 4
stat 8
stat 14
stat 18
stat 4
stat 8
stat 14
stat 18
stat 4
stat 8
stat 14
stat 18
stat 4
stat 8
stat 16
stat 20
stat 4
stat 8
stat 16
stat 20
stat 6
stat 10
stat 16
stat 20
stat 4
stat 8
stat 12
stat 16
stat 20
stat 22
stat 4
stat 12
stat 18
stat 22
stat 6
stat 12
stat 20
stat 24
stat 8
stat 12
stat 20
stat 24
stat 6
stat 12
stat 20
stat 24
stat 8
stat 12
stat 18
stat 24
stat 4
stat 12
stat 18
stat 24
stat 10
stat 16
stat 20
stat 24
stat 6
stat 12
stat 18
stat 26
stat 6
stat 12
stat 20
stat 26
stat 6
stat 12
stat 20
stat 26
stat 10
stat 14
stat 20
stat 26
stat 4
stat 10
stat 14
stat 18
stat 22
stat 28
stat 4
stat 10
stat 16
stat 22
stat 6
stat 10
stat 16
stat 22
stat 4
stat 10
stat 16
stat 22
stat 6
stat 10
stat 16
stat 22
stat 8
stat 12
stat 18
stat 24
stat 10
stat 14
stat 18
stat 24
stat 10
stat 14
stat 18
stat 24
stat 10
stat 14
stat 20
stat 24
stat 10
stat 14
stat 18
stat 24
stat 10
stat 14
stat 20
stat 24
stat 10
stat 16
stat 22
stat 26
stat 6
stat 10
stat 16
stat 22
stat 26
stat 28
stat 6
stat 22
stat 38
stat 50
stat 12
stat 28
stat 40
stat 52
stat 10
stat 28
stat 42
stat 54
stat 14
stat 30
stat 44
stat 56
stat 8
stat 28
stat 44
stat 58
stat 18
stat 34
stat 46
stat 58
stat 16
stat 32
stat 46
stat 60
stat 22
stat 36
stat 50
stat 64
stat 20
stat 36
stat 50
stat 64
stat 26
stat 38
stat 54
stat 66
stat 24
stat 38
stat 54
stat 66
stat 4
stat 20
stat 36
stat 48
stat 62
stat 68
stat 12
stat 24
stat 38
stat 48
stat 6
stat 24
stat 38
stat 48
stat 10
stat 26
stat 40
stat 54
stat 14
stat 28
stat 40
stat 54
stat 16
stat 30
stat 42
stat 54
stat 8
stat 26
stat 40
stat 54
stat 18
stat 32
stat 44
stat 56
stat 20
stat 34
stat 44
stat 56
stat 24
stat 36
stat 46
stat 58
stat 22
stat 38
stat 52
stat 60
stat 22
stat 36
stat 50
stat 60
stat 4
stat 22
stat 38
stat 46
stat 60
stat 62
stat 4
stat 8
stat 12
stat 16
stat 4
stat 8
stat 12
stat 16
stat 4
stat 8
stat 14
stat 16
stat 4
stat 10
stat 14
stat 18
stat 6
stat 10
stat 14
stat 18
stat 6
stat 10
stat 14
stat 18
stat 6
stat 10
stat 14
stat 18
stat 6
stat 10
stat 14
stat 18
stat 6
stat 10
stat 14
stat 18
stat 6
stat 10
stat 16
stat 18
stat 6
stat 10
stat 16
stat 20
stat 4
stat 8
stat 12
stat 16
stat 20
stat 22
Tue 06/16/2020-16:40:06.70 
------------------------------------END------------------------------------------ 
------------------------------------START------------------------------------------ 
Tue 06/16/2020-16:41:09.25 
STARTED AT - 2020-06-16T16:41:09.939585
Terms:   0%|          | 0/10 [00:00<?, ?it/s]here1
here2
here3
here4
stat 2
sql took  1.5682097
stat 2
(1911, 2)
here5
cores 24
stat 100
Terms:  10%|#         | 1/10 [00:14<02:14, 15.00s/it]here1
here2
here3
here4
stat 2
sql took  7.308050300000001
stat 2
(71139, 2)
here5
cores 24
stat 100
Terms:  20%|##        | 2/10 [01:21<04:02, 30.32s/it]here1
here2
here3
here4
stat 2
sql took  1.5380806000000007
stat 2
(655, 2)
here5
cores 24
stat 100
Terms:  30%|###       | 3/10 [01:37<03:02, 26.12s/it]here1
here2
here3
here4
stat 2
sql took  1.9318243000000024
stat 2
(3840, 2)
here5
cores 24
stat 100
Terms:  40%|####      | 4/10 [01:54<02:20, 23.45s/it]here1
here2
here3
here4
stat 2
sql took  1.7813807999999938
stat 2
(4082, 2)
here5
cores 24
stat 100
Terms:  50%|#####     | 5/10 [02:10<01:46, 21.28s/it]here1
here2
here3
here4
stat 2
sql took  2.523711100000014
stat 2
(16905, 2)
here5
cores 24
stat 100
Terms:  60%|######    | 6/10 [02:32<01:25, 21.34s/it]here1
here2
here3
here4
stat 2
sql took  1.8867118000000005
stat 2
(4673, 2)
here5
cores 24
stat 100
Terms:  70%|#######   | 7/10 [02:49<01:00, 20.06s/it]here1
here2
here3
here4
stat 2
sql took  2.2079875999999956
stat 2
(10130, 2)
here5
cores 24
stat 100
Terms:  80%|########  | 8/10 [03:07<00:39, 19.52s/it]here1
here2
here3
here4
stat 2
sql took  3.144061300000004
stat 2
(20242, 2)
here5
cores 24
stat 100
Terms:  90%|######### | 9/10 [03:32<00:20, 20.98s/it]here1
here2
here3
here4
stat 2
sql took  1.4283877999999959
stat 2
(1079, 2)
here5
cores 24
stat 100
Terms: 100%|##########| 10/10 [03:43<00:00, 18.15s/it]Terms: 100%|##########| 10/10 [03:43<00:00, 22.36s/it]
ENDED AT - 2020-06-16T16:44:53.555587
stat 6
stat 8
stat 12
stat 14
stat 4
stat 8
stat 12
stat 14
stat 4
stat 8
stat 12
stat 14
stat 4
stat 8
stat 12
stat 14
stat 4
stat 8
stat 12
stat 14
stat 4
stat 8
stat 12
stat 14
stat 4
stat 8
stat 12
stat 14
stat 4
stat 8
stat 12
stat 14
stat 4
stat 8
stat 12
stat 14
stat 4
stat 8
stat 12
stat 14
stat 6
stat 10
stat 12
stat 16
stat 4
stat 8
stat 10
stat 14
stat 16
stat 18
stat 4
stat 12
stat 18
stat 26
stat 6
stat 14
stat 20
stat 28
stat 6
stat 14
stat 24
stat 32
stat 10
stat 16
stat 24
stat 32
stat 6
stat 14
stat 22
stat 32
stat 8
stat 14
stat 22
stat 32
stat 6
stat 14
stat 22
stat 34
stat 6
stat 16
stat 28
stat 34
stat 10
stat 16
stat 28
stat 36
stat 6
stat 16
stat 28
stat 36
stat 6
stat 16
stat 30
stat 36
stat 4
stat 12
stat 18
stat 26
stat 34
stat 38
stat 6
stat 12
stat 16
stat 24
stat 4
stat 8
stat 16
stat 24
stat 6
stat 10
stat 18
stat 24
stat 6
stat 10
stat 16
stat 24
stat 6
stat 12
stat 18
stat 24
stat 6
stat 10
stat 18
stat 24
stat 8
stat 14
stat 20
stat 26
stat 8
stat 14
stat 22
stat 26
stat 8
stat 16
stat 24
stat 28
stat 8
stat 14
stat 20
stat 26
stat 8
stat 14
stat 24
stat 28
stat 6
stat 10
stat 16
stat 24
stat 28
stat 30
stat 4
stat 8
stat 14
stat 18
stat 4
stat 8
stat 14
stat 18
stat 4
stat 8
stat 14
stat 18
stat 4
stat 8
stat 16
stat 18
stat 6
stat 10
stat 16
stat 18
stat 4
stat 8
stat 16
stat 18
stat 6
stat 10
stat 16
stat 18
stat 6
stat 10
stat 16
stat 18
stat 6
stat 10
stat 16
stat 20
stat 6
stat 10
stat 16
stat 20
stat 4
stat 8
stat 16
stat 20
stat 4
stat 8
stat 12
stat 16
stat 20
stat 22
stat 4
stat 12
stat 20
stat 32
stat 6
stat 14
stat 22
stat 32
stat 6
stat 16
stat 22
stat 34
stat 10
stat 18
stat 24
stat 34
stat 8
stat 18
stat 26
stat 36
stat 8
stat 18
stat 28
stat 40
stat 8
stat 18
stat 30
stat 40
stat 8
stat 18
stat 30
stat 42
stat 10
stat 20
stat 32
stat 44
stat 10
stat 20
stat 32
stat 44
stat 8
stat 20
stat 32
stat 44
stat 4
stat 12
stat 20
stat 28
stat 38
stat 46
stat 4
stat 8
stat 12
stat 18
stat 6
stat 10
stat 14
stat 20
stat 6
stat 12
stat 16
stat 20
stat 6
stat 12
stat 16
stat 20
stat 6
stat 12
stat 16
stat 20
stat 6
stat 12
stat 16
stat 20
stat 6
stat 12
stat 18
stat 22
stat 6
stat 12
stat 18
stat 22
stat 6
stat 12
stat 18
stat 24
stat 6
stat 12
stat 18
stat 24
stat 8
stat 12
stat 18
stat 26
stat 6
stat 10
stat 14
stat 18
stat 24
stat 28
stat 4
stat 6
stat 10
stat 14
stat 4
stat 6
stat 10
stat 14
stat 4
stat 8
stat 12
stat 16
stat 4
stat 8
stat 12
stat 16
stat 4
stat 8
stat 12
stat 16
stat 4
stat 8
stat 14
stat 18
stat 4
stat 8
stat 14
stat 18
stat 4
stat 8
stat 14
stat 18
stat 4
stat 8
stat 16
stat 20
stat 4
stat 8
stat 16
stat 20
stat 4
stat 8
stat 16
stat 22
stat 4
stat 6
stat 10
stat 14
stat 18
stat 24
stat 4
stat 6
stat 8
stat 10
stat 4
stat 6
stat 8
stat 10
stat 4
stat 6
stat 8
stat 10
stat 4
stat 6
stat 8
stat 10
stat 4
stat 6
stat 8
stat 10
stat 4
stat 6
stat 8
stat 10
stat 4
stat 6
stat 8
stat 10
stat 4
stat 6
stat 8
stat 10
stat 4
stat 6
stat 8
stat 10
stat 4
stat 6
stat 8
stat 10
stat 4
stat 6
stat 8
stat 10
stat 4
stat 6
stat 8
stat 10
stat 12
stat 14
stat 6
stat 24
stat 44
stat 64
stat 8
stat 28
stat 46
stat 66
stat 10
stat 30
stat 48
stat 68
stat 14
stat 32
stat 52
stat 70
stat 12
stat 32
stat 50
stat 70
stat 16
stat 34
stat 54
stat 72
stat 18
stat 36
stat 56
stat 74
stat 22
stat 40
stat 58
stat 76
stat 20
stat 38
stat 58
stat 78
stat 28
stat 42
stat 66
stat 84
stat 26
stat 42
stat 62
stat 80
stat 4
stat 24
stat 42
stat 60
stat 82
stat 86
stat 4
stat 6
stat 8
stat 10
stat 4
stat 6
stat 8
stat 10
stat 4
stat 6
stat 8
stat 10
stat 4
stat 6
stat 8
stat 10
stat 4
stat 6
stat 8
stat 10
stat 4
stat 6
stat 8
stat 10
stat 4
stat 6
stat 8
stat 10
stat 4
stat 6
stat 8
stat 10
stat 4
stat 6
stat 8
stat 10
stat 4
stat 6
stat 8
stat 10
stat 4
stat 6
stat 8
stat 10
stat 4
stat 6
stat 8
stat 10
stat 12
stat 14
Tue 06/16/2020-16:44:54.64 
------------------------------------END------------------------------------------ 
------------------------------------START------------------------------------------ 
Tue 06/16/2020-16:46:09.34 
STARTED AT - 2020-06-16T16:46:10.025426
Terms:   0%|          | 0/10 [00:00<?, ?it/s]here1
here2
here3
here4
stat 2
sql took  2.0424241000000003
stat 2
(3452, 2)
here5
cores 24
stat 100
Terms:  10%|#         | 1/10 [00:15<02:23, 15.92s/it]here1
here2
here3
here4
stat 2
sql took  1.595382800000003
stat 2
(573, 2)
here5
cores 24
stat 100
Terms:  20%|##        | 2/10 [00:29<02:00, 15.09s/it]here1
here2
here3
here4
stat 2
sql took  2.1174515000000014
stat 2
(17181, 2)
here5
cores 24
stat 100
Terms:  30%|###       | 3/10 [00:43<01:44, 15.00s/it]here1
here2
here3
here4
stat 2
sql took  5.777696999999996
stat 2
(59853, 2)
here5
cores 24
stat 100
Terms:  40%|####      | 4/10 [01:36<02:38, 26.41s/it]here1
here2
here3
here4
stat 2
sql took  2.948075199999991
stat 2
(8588, 2)
here5
cores 24
stat 100
Terms:  50%|#####     | 5/10 [01:56<02:01, 24.31s/it]here1
here2
here3
here4
stat 2
sql took  2.045628300000004
stat 2
(4592, 2)
here5
cores 24
stat 100
Terms:  60%|######    | 6/10 [02:12<01:27, 21.96s/it]here1
here2
here3
here4
stat 2
sql took  1.9000111000000004
stat 2
(13885, 2)
here5
cores 24
stat 100
Terms:  70%|#######   | 7/10 [02:25<00:57, 19.29s/it]here1
here2
here3
here4
stat 2
sql took  2.531088400000016
stat 2
(21513, 2)
here5
cores 24
stat 100
Terms:  80%|########  | 8/10 [02:42<00:37, 18.54s/it]here1
here2
here3
here4
stat 2
sql took  2.3464414999999974
stat 2
(20281, 2)
here5
cores 24
stat 100
Terms:  90%|######### | 9/10 [02:58<00:17, 17.69s/it]here1
here2
here3
here4
stat 2
sql took  4.6036861000000044
stat 2
(29181, 2)
here5
cores 24
stat 100
Terms: 100%|##########| 10/10 [03:36<00:00, 23.74s/it]Terms: 100%|##########| 10/10 [03:36<00:00, 21.62s/it]
ENDED AT - 2020-06-16T16:49:46.267387
stat 6
stat 26
stat 44
stat 52
stat 10
stat 28
stat 44
stat 54
stat 14
stat 32
stat 48
stat 54
stat 8
stat 30
stat 46
stat 54
stat 12
stat 32
stat 48
stat 56
stat 18
stat 36
stat 50
stat 58
stat 22
stat 40
stat 50
stat 60
stat 16
stat 34
stat 50
stat 60
stat 20
stat 38
stat 50
stat 62
stat 24
stat 42
stat 52
stat 62
stat 28
stat 44
stat 54
stat 64
stat 4
stat 20
stat 40
stat 50
stat 60
stat 66
stat 6
stat 12
stat 22
stat 30
stat 8
stat 12
stat 20
stat 32
stat 8
stat 14
stat 22
stat 32
stat 6
stat 12
stat 22
stat 32
stat 8
stat 12
stat 24
stat 32
stat 8
stat 14
stat 24
stat 34
stat 10
stat 16
stat 26
stat 34
stat 10
stat 18
stat 28
stat 34
stat 10
stat 18
stat 28
stat 36
stat 10
stat 18
stat 30
stat 38
stat 10
stat 18
stat 32
stat 40
stat 4
stat 10
stat 18
stat 28
stat 36
stat 42
stat 8
stat 18
stat 32
stat 40
stat 6
stat 20
stat 32
stat 40
stat 10
stat 20
stat 34
stat 42
stat 10
stat 20
stat 34
stat 42
stat 8
stat 20
stat 36
stat 44
stat 12
stat 22
stat 38
stat 46
stat 14
stat 24
stat 38
stat 48
stat 18
stat 28
stat 40
stat 48
stat 16
stat 28
stat 40
stat 48
stat 16
stat 26
stat 40
stat 48
stat 18
stat 30
stat 42
stat 50
stat 4
stat 16
stat 26
stat 38
stat 46
stat 52
stat 6
stat 10
stat 14
stat 18
stat 6
stat 10
stat 14
stat 18
stat 6
stat 10
stat 14
stat 18
stat 6
stat 12
stat 16
stat 20
stat 6
stat 12
stat 18
stat 22
stat 8
stat 14
stat 20
stat 22
stat 8
stat 12
stat 20
stat 22
stat 8
stat 12
stat 20
stat 22
stat 8
stat 12
stat 18
stat 22
stat 8
stat 12
stat 18
stat 24
stat 8
stat 12
stat 20
stat 24
stat 4
stat 8
stat 12
stat 18
stat 22
stat 26
stat 4
stat 8
stat 12
stat 16
stat 4
stat 8
stat 14
stat 18
stat 4
stat 8
stat 14
stat 20
stat 6
stat 10
stat 14
stat 20
stat 6
stat 10
stat 16
stat 22
stat 6
stat 10
stat 16
stat 22
stat 6
stat 12
stat 16
stat 22
stat 6
stat 10
stat 16
stat 22
stat 6
stat 10
stat 16
stat 22
stat 6
stat 12
stat 16
stat 22
stat 6
stat 12
stat 16
stat 22
stat 4
stat 8
stat 12
stat 16
stat 22
stat 24
stat 4
stat 6
stat 8
stat 10
stat 4
stat 8
stat 10
stat 14
stat 4
stat 8
stat 10
stat 14
stat 6
stat 8
stat 12
stat 16
stat 4
stat 8
stat 12
stat 16
stat 4
stat 8
stat 12
stat 16
stat 4
stat 8
stat 12
stat 16
stat 6
stat 8
stat 12
stat 16
stat 4
stat 8
stat 14
stat 16
stat 4
stat 8
stat 12
stat 16
stat 4
stat 6
stat 8
stat 10
stat 14
stat 16
stat 4
stat 8
stat 12
stat 16
stat 8
stat 20
stat 34
stat 50
stat 6
stat 20
stat 36
stat 54
stat 10
stat 22
stat 36
stat 56
stat 12
stat 24
stat 38
stat 58
stat 16
stat 26
stat 40
stat 60
stat 14
stat 26
stat 40
stat 60
stat 16
stat 28
stat 42
stat 62
stat 14
stat 28
stat 44
stat 64
stat 20
stat 32
stat 52
stat 66
stat 18
stat 30
stat 48
stat 68
stat 20
stat 34
stat 54
stat 70
stat 4
stat 18
stat 32
stat 46
stat 66
stat 72
stat 6
stat 10
stat 16
stat 20
stat 6
stat 10
stat 16
stat 20
stat 6
stat 12
stat 18
stat 22
stat 6
stat 12
stat 18
stat 22
stat 6
stat 12
stat 18
stat 22
stat 8
stat 12
stat 20
stat 24
stat 6
stat 14
stat 20
stat 26
stat 8
stat 12
stat 20
stat 26
stat 6
stat 12
stat 20
stat 26
stat 6
stat 12
stat 20
stat 28
stat 6
stat 14
stat 22
stat 28
stat 4
stat 8
stat 14
stat 18
stat 22
stat 28
stat 4
stat 6
stat 8
stat 10
stat 4
stat 6
stat 8
stat 10
stat 4
stat 6
stat 8
stat 10
stat 4
stat 6
stat 8
stat 10
stat 4
stat 6
stat 8
stat 10
stat 4
stat 6
stat 8
stat 10
stat 4
stat 6
stat 8
stat 10
stat 4
stat 6
stat 8
stat 10
stat 4
stat 6
stat 8
stat 10
stat 4
stat 6
stat 8
stat 10
stat 4
stat 6
stat 8
stat 10
stat 4
stat 6
stat 8
stat 10
stat 12
stat 14
stat 6
stat 10
stat 14
stat 20
stat 4
stat 8
stat 14
stat 20
stat 6
stat 12
stat 16
stat 20
stat 6
stat 10
stat 16
stat 20
stat 6
stat 12
stat 18
stat 22
stat 6
stat 12
stat 18
stat 24
stat 8
stat 12
stat 20
stat 26
stat 8
stat 12
stat 20
stat 26
stat 8
stat 14
stat 20
stat 26
stat 8
stat 14
stat 20
stat 26
stat 8
stat 12
stat 20
stat 26
stat 4
stat 8
stat 12
stat 18
stat 24
stat 28
Tue 06/16/2020-16:49:47.43 
------------------------------------END------------------------------------------ 
------------------------------------START------------------------------------------ 
Tue 06/16/2020-16:51:09.27 
STARTED AT - 2020-06-16T16:51:10.036132
Terms:   0%|          | 0/10 [00:00<?, ?it/s]here1
here2
here3
here4
stat 2
sql took  4.5144953
stat 2
(25960, 2)
here5
cores 24
stat 100
Terms:  10%|#         | 1/10 [00:33<05:05, 33.93s/it]here1
here2
here3
here4
stat 2
sql took  4.671982499999999
stat 2
(25960, 2)
here5
cores 24
stat 100
Terms:  20%|##        | 2/10 [01:07<04:30, 33.84s/it]here1
here2
here3
here4
stat 2
sql took  4.349574500000003
stat 2
(25960, 2)
here5
cores 24
stat 100
Terms:  30%|###       | 3/10 [01:41<03:57, 33.95s/it]here1
here2
here3
here4
stat 2
sql took  4.687465099999997
stat 2
(25960, 2)
here5
cores 24
stat 100
Terms:  40%|####      | 4/10 [02:15<03:23, 33.99s/it]here1
here2
here3
here4
stat 2
sql took  4.383734599999997
stat 2
(25960, 2)
here5
cores 24
stat 100
Terms:  50%|#####     | 5/10 [02:49<02:48, 33.76s/it]here1
here2
here3
here4
stat 2
sql took  1.7182722999999953
stat 2
(1749, 2)
here5
cores 24
stat 100
Terms:  60%|######    | 6/10 [02:58<01:45, 26.33s/it]here1
here2
here3
here4
stat 2
sql took  4.728183300000012
stat 2
(25960, 2)
here5
cores 24
stat 100
Terms:  70%|#######   | 7/10 [03:32<01:26, 28.88s/it]here1
here2
here3
here4
stat 2
sql took  4.477150800000004
stat 2
(25960, 2)
here5
cores 24
stat 100
Terms:  80%|########  | 8/10 [04:06<01:00, 30.35s/it]here1
here2
here3
here4
stat 2
sql took  4.5046020000000055
stat 2
(25960, 2)
here5
cores 24
stat 100
Terms:  90%|######### | 9/10 [04:41<00:31, 31.59s/it]here1
here2
here3
here4
stat 2
sql took  4.5184761000000435
stat 2
(25960, 2)
here5
cores 24
stat 100
Terms: 100%|##########| 10/10 [05:16<00:00, 32.59s/it]Terms: 100%|##########| 10/10 [05:16<00:00, 31.61s/it]
ENDED AT - 2020-06-16T16:56:26.158125
stat 4
stat 18
stat 32
stat 52
stat 4
stat 18
stat 38
stat 54
stat 6
stat 20
stat 40
stat 56
stat 8
stat 22
stat 44
stat 56
stat 10
stat 24
stat 42
stat 58
stat 8
stat 24
stat 46
stat 58
stat 14
stat 28
stat 48
stat 60
stat 12
stat 26
stat 48
stat 62
stat 18
stat 30
stat 52
stat 62
stat 22
stat 36
stat 54
stat 64
stat 20
stat 34
stat 54
stat 66
stat 4
stat 16
stat 30
stat 50
stat 62
stat 68
stat 6
stat 22
stat 38
stat 52
stat 6
stat 22
stat 40
stat 54
stat 8
stat 24
stat 42
stat 56
stat 10
stat 28
stat 44
stat 60
stat 12
stat 30
stat 46
stat 62
stat 16
stat 30
stat 50
stat 64
stat 20
stat 36
stat 54
stat 66
stat 18
stat 34
stat 52
stat 66
stat 14
stat 32
stat 52
stat 66
stat 24
stat 38
stat 56
stat 68
stat 26
stat 40
stat 58
stat 70
stat 4
stat 16
stat 34
stat 48
stat 62
stat 72
stat 6
stat 24
stat 42
stat 56
stat 6
stat 26
stat 44
stat 58
stat 8
stat 28
stat 46
stat 60
stat 10
stat 30
stat 48
stat 62
stat 14
stat 34
stat 52
stat 64
stat 16
stat 34
stat 50
stat 64
stat 12
stat 32
stat 48
stat 66
stat 22
stat 38
stat 58
stat 68
stat 20
stat 36
stat 54
stat 68
stat 24
stat 40
stat 60
stat 70
stat 28
stat 44
stat 60
stat 72
stat 4
stat 18
stat 36
stat 48
stat 62
stat 74
stat 6
stat 18
stat 40
stat 54
stat 6
stat 22
stat 42
stat 56
stat 10
stat 26
stat 46
stat 58
stat 10
stat 28
stat 48
stat 58
stat 8
stat 24
stat 44
stat 60
stat 12
stat 30
stat 50
stat 62
stat 14
stat 32
stat 52
stat 64
stat 16
stat 34
stat 52
stat 66
stat 20
stat 36
stat 54
stat 66
stat 18
stat 38
stat 56
stat 68
stat 4
stat 16
stat 38
stat 54
stat 66
stat 72
stat 24
stat 42
stat 58
stat 70
stat 4
stat 6
stat 8
stat 12
stat 4
stat 6
stat 8
stat 12
stat 4
stat 6
stat 8
stat 12
stat 4
stat 6
stat 8
stat 12
stat 4
stat 6
stat 8
stat 12
stat 4
stat 6
stat 8
stat 12
stat 4
stat 6
stat 8
stat 14
stat 4
stat 6
stat 10
stat 14
stat 4
stat 6
stat 10
stat 14
stat 4
stat 6
stat 10
stat 14
stat 4
stat 6
stat 10
stat 14
stat 4
stat 6
stat 8
stat 12
stat 16
stat 18
stat 4
stat 22
stat 40
stat 58
stat 10
stat 28
stat 46
stat 60
stat 8
stat 28
stat 48
stat 62
stat 12
stat 30
stat 50
stat 68
stat 16
stat 34
stat 56
stat 70
stat 14
stat 30
stat 52
stat 70
stat 18
stat 36
stat 60
stat 72
stat 16
stat 32
stat 54
stat 72
stat 26
stat 42
stat 64
stat 74
stat 28
stat 44
stat 66
stat 76
stat 24
stat 38
stat 62
stat 76
stat 6
stat 20
stat 36
stat 54
stat 72
stat 78
stat 6
stat 20
stat 36
stat 52
stat 8
stat 22
stat 36
stat 54
stat 10
stat 26
stat 40
stat 56
stat 12
stat 28
stat 42
stat 58
stat 10
stat 26
stat 42
stat 58
stat 14
stat 30
stat 44
stat 60
stat 16
stat 32
stat 48
stat 64
stat 22
stat 36
stat 54
stat 66
stat 16
stat 32
stat 50
stat 66
stat 24
stat 38
stat 56
stat 68
stat 22
stat 36
stat 56
stat 68
stat 4
stat 18
stat 34
stat 46
stat 62
stat 70
stat 6
stat 20
stat 40
stat 56
stat 8
stat 24
stat 42
stat 56
stat 10
stat 28
stat 46
stat 62
stat 12
stat 30
stat 48
stat 64
stat 14
stat 32
stat 50
stat 66
stat 16
stat 34
stat 52
stat 68
stat 18
stat 36
stat 54
stat 70
stat 22
stat 38
stat 58
stat 74
stat 22
stat 40
stat 60
stat 76
stat 26
stat 42
stat 64
stat 78
stat 28
stat 44
stat 64
stat 80
stat 4
stat 18
stat 38
stat 54
stat 72
stat 82
stat 6
stat 22
stat 42
stat 62
stat 8
stat 24
stat 44
stat 64
stat 12
stat 28
stat 50
stat 66
stat 10
stat 26
stat 48
stat 66
stat 14
stat 30
stat 52
stat 68
stat 16
stat 32
stat 54
stat 70
stat 18
stat 34
stat 58
stat 74
stat 20
stat 36
stat 60
stat 76
stat 24
stat 40
stat 62
stat 78
stat 22
stat 40
stat 64
stat 78
stat 26
stat 46
stat 66
stat 80
stat 4
stat 20
stat 38
stat 56
stat 72
stat 82
stat 4
stat 20
stat 46
stat 64
stat 8
stat 26
stat 48
stat 64
stat 12
stat 32
stat 52
stat 70
stat 10
stat 34
stat 54
stat 70
stat 14
stat 36
stat 56
stat 72
stat 16
stat 38
stat 58
stat 72
stat 20
stat 42
stat 64
stat 74
stat 18
stat 40
stat 60
stat 76
stat 30
stat 50
stat 68
stat 78
stat 22
stat 44
stat 66
stat 78
stat 28
stat 50
stat 70
stat 80
stat 6
stat 24
stat 44
stat 62
stat 76
stat 82
Tue 06/16/2020-16:56:27.31 
------------------------------------END------------------------------------------ 
------------------------------------START------------------------------------------ 
Tue 06/16/2020-17:01:09.27 
STARTED AT - 2020-06-16T17:01:09.934763
Terms:   0%|          | 0/1 [00:00<?, ?it/s]here1
here2
Terms: 100%|##########| 1/1 [00:00<00:00, 52.63it/s]
ENDED AT - 2020-06-16T17:01:09.980763
Tue 06/16/2020-17:01:10.05 
------------------------------------END------------------------------------------ 
